mode: set
terraform-provider-powerstore/powerstore/datasource_volume.go:23.50,25.2 1 1
terraform-provider-powerstore/powerstore/datasource_volume.go:37.123,39.2 1 1
terraform-provider-powerstore/powerstore/datasource_volume.go:41.115,347.2 1 1
terraform-provider-powerstore/powerstore/datasource_volume.go:349.123,350.29 1 0
terraform-provider-powerstore/powerstore/datasource_volume.go:353.2,353.46 1 0
terraform-provider-powerstore/powerstore/datasource_volume.go:350.29,352.3 1 0
terraform-provider-powerstore/powerstore/datasource_volume.go:356.113,364.33 7 0
terraform-provider-powerstore/powerstore/datasource_volume.go:368.2,368.36 1 0
terraform-provider-powerstore/powerstore/datasource_volume.go:378.2,378.16 1 0
terraform-provider-powerstore/powerstore/datasource_volume.go:386.2,387.16 2 0
terraform-provider-powerstore/powerstore/datasource_volume.go:394.2,397.33 4 0
terraform-provider-powerstore/powerstore/datasource_volume.go:364.33,366.3 1 0
terraform-provider-powerstore/powerstore/datasource_volume.go:368.36,371.3 2 0
terraform-provider-powerstore/powerstore/datasource_volume.go:371.8,371.41 1 0
terraform-provider-powerstore/powerstore/datasource_volume.go:371.41,374.3 2 0
terraform-provider-powerstore/powerstore/datasource_volume.go:374.8,376.3 1 0
terraform-provider-powerstore/powerstore/datasource_volume.go:378.16,384.3 2 0
terraform-provider-powerstore/powerstore/datasource_volume.go:387.16,393.3 2 0
terraform-provider-powerstore/powerstore/datasource_volume.go:397.33,399.3 1 0
terraform-provider-powerstore/powerstore/datasource_volume.go:403.121,404.38 1 0
terraform-provider-powerstore/powerstore/datasource_volume.go:500.2,500.22 1 0
terraform-provider-powerstore/powerstore/datasource_volume.go:404.38,411.17 7 0
terraform-provider-powerstore/powerstore/datasource_volume.go:414.3,414.27 1 0
terraform-provider-powerstore/powerstore/datasource_volume.go:417.3,418.17 2 0
terraform-provider-powerstore/powerstore/datasource_volume.go:421.3,421.43 1 0
terraform-provider-powerstore/powerstore/datasource_volume.go:424.3,474.55 2 0
terraform-provider-powerstore/powerstore/datasource_volume.go:480.3,480.52 1 0
terraform-provider-powerstore/powerstore/datasource_volume.go:485.3,485.55 1 0
terraform-provider-powerstore/powerstore/datasource_volume.go:491.3,491.52 1 0
terraform-provider-powerstore/powerstore/datasource_volume.go:498.3,498.43 1 0
terraform-provider-powerstore/powerstore/datasource_volume.go:411.17,413.4 1 0
terraform-provider-powerstore/powerstore/datasource_volume.go:414.27,416.4 1 0
terraform-provider-powerstore/powerstore/datasource_volume.go:418.17,420.4 1 0
terraform-provider-powerstore/powerstore/datasource_volume.go:421.43,423.4 1 0
terraform-provider-powerstore/powerstore/datasource_volume.go:474.55,479.4 1 0
terraform-provider-powerstore/powerstore/datasource_volume.go:480.52,484.4 1 0
terraform-provider-powerstore/powerstore/datasource_volume.go:485.55,490.4 1 0
terraform-provider-powerstore/powerstore/datasource_volume.go:491.52,496.4 1 0
terraform-provider-powerstore/powerstore/defaults.go:27.71,29.2 1 1
terraform-provider-powerstore/powerstore/defaults.go:36.3,38.31 1 0
terraform-provider-powerstore/powerstore/defaults.go:43.2,43.61 1 0
terraform-provider-powerstore/powerstore/defaults.go:46.2,46.61 1 0
terraform-provider-powerstore/powerstore/defaults.go:38.31,40.3 1 0
terraform-provider-powerstore/powerstore/defaults.go:43.61,45.3 1 0
terraform-provider-powerstore/powerstore/defaults.go:46.61,48.3 1 0
terraform-provider-powerstore/powerstore/defaults.go:56.3,57.61 1 0
terraform-provider-powerstore/powerstore/defaults.go:57.61,59.3 1 0
terraform-provider-powerstore/powerstore/defaults.go:63.79,65.2 1 0
terraform-provider-powerstore/powerstore/defaults.go:68.87,70.2 1 0
terraform-provider-powerstore/powerstore/resource_protection_policy.go:25.54,27.2 1 1
terraform-provider-powerstore/powerstore/resource_protection_policy.go:34.129,36.2 1 1
terraform-provider-powerstore/powerstore/resource_protection_policy.go:39.123,145.2 1 1
terraform-provider-powerstore/powerstore/resource_protection_policy.go:148.132,150.29 1 0
terraform-provider-powerstore/powerstore/resource_protection_policy.go:154.2,156.9 2 0
terraform-provider-powerstore/powerstore/resource_protection_policy.go:165.2,165.19 1 0
terraform-provider-powerstore/powerstore/resource_protection_policy.go:150.29,152.3 1 0
terraform-provider-powerstore/powerstore/resource_protection_policy.go:156.9,163.3 2 0
terraform-provider-powerstore/powerstore/resource_protection_policy.go:169.123,175.33 4 0
terraform-provider-powerstore/powerstore/resource_protection_policy.go:179.2,180.16 2 0
terraform-provider-powerstore/powerstore/resource_protection_policy.go:189.2,190.16 2 0
terraform-provider-powerstore/powerstore/resource_protection_policy.go:199.2,200.16 2 0
terraform-provider-powerstore/powerstore/resource_protection_policy.go:208.2,213.33 5 0
terraform-provider-powerstore/powerstore/resource_protection_policy.go:216.2,216.32 1 0
terraform-provider-powerstore/powerstore/resource_protection_policy.go:175.33,177.3 1 0
terraform-provider-powerstore/powerstore/resource_protection_policy.go:180.16,186.3 2 0
terraform-provider-powerstore/powerstore/resource_protection_policy.go:190.16,196.3 2 0
terraform-provider-powerstore/powerstore/resource_protection_policy.go:200.16,206.3 2 0
terraform-provider-powerstore/powerstore/resource_protection_policy.go:213.33,215.3 1 0
terraform-provider-powerstore/powerstore/resource_protection_policy.go:220.123,226.33 5 0
terraform-provider-powerstore/powerstore/resource_protection_policy.go:231.2,235.16 3 0
terraform-provider-powerstore/powerstore/resource_protection_policy.go:243.2,243.32 1 0
terraform-provider-powerstore/powerstore/resource_protection_policy.go:226.33,228.3 1 0
terraform-provider-powerstore/powerstore/resource_protection_policy.go:235.16,241.3 2 0
terraform-provider-powerstore/powerstore/resource_protection_policy.go:247.117,252.33 5 0
terraform-provider-powerstore/powerstore/resource_protection_policy.go:257.2,260.16 3 0
terraform-provider-powerstore/powerstore/resource_protection_policy.go:268.2,273.33 4 0
terraform-provider-powerstore/powerstore/resource_protection_policy.go:276.2,276.30 1 0
terraform-provider-powerstore/powerstore/resource_protection_policy.go:252.33,254.3 1 0
terraform-provider-powerstore/powerstore/resource_protection_policy.go:260.16,266.3 2 0
terraform-provider-powerstore/powerstore/resource_protection_policy.go:273.33,275.3 1 0
terraform-provider-powerstore/powerstore/resource_protection_policy.go:280.123,287.33 5 0
terraform-provider-powerstore/powerstore/resource_protection_policy.go:292.2,295.33 4 0
terraform-provider-powerstore/powerstore/resource_protection_policy.go:299.2,300.16 2 0
terraform-provider-powerstore/powerstore/resource_protection_policy.go:309.2,313.16 3 0
terraform-provider-powerstore/powerstore/resource_protection_policy.go:322.2,323.16 2 0
terraform-provider-powerstore/powerstore/resource_protection_policy.go:331.2,335.33 4 0
terraform-provider-powerstore/powerstore/resource_protection_policy.go:339.2,339.45 1 0
terraform-provider-powerstore/powerstore/resource_protection_policy.go:287.33,289.3 1 0
terraform-provider-powerstore/powerstore/resource_protection_policy.go:295.33,297.3 1 0
terraform-provider-powerstore/powerstore/resource_protection_policy.go:300.16,306.3 2 0
terraform-provider-powerstore/powerstore/resource_protection_policy.go:313.16,319.3 2 0
terraform-provider-powerstore/powerstore/resource_protection_policy.go:323.16,329.3 2 0
terraform-provider-powerstore/powerstore/resource_protection_policy.go:335.33,337.3 1 0
terraform-provider-powerstore/powerstore/resource_protection_policy.go:343.138,346.2 1 0
terraform-provider-powerstore/powerstore/resource_protection_policy.go:348.139,350.12 2 0
terraform-provider-powerstore/powerstore/resource_protection_policy.go:354.2,355.69 2 0
terraform-provider-powerstore/powerstore/resource_protection_policy.go:359.2,360.63 2 0
terraform-provider-powerstore/powerstore/resource_protection_policy.go:364.2,370.36 2 0
terraform-provider-powerstore/powerstore/resource_protection_policy.go:350.12,352.3 1 0
terraform-provider-powerstore/powerstore/resource_protection_policy.go:355.69,357.3 1 0
terraform-provider-powerstore/powerstore/resource_protection_policy.go:360.63,362.3 1 0
terraform-provider-powerstore/powerstore/resource_protection_policy.go:373.165,383.63 7 0
terraform-provider-powerstore/powerstore/resource_protection_policy.go:386.2,387.55 2 0
terraform-provider-powerstore/powerstore/resource_protection_policy.go:390.2,394.78 3 0
terraform-provider-powerstore/powerstore/resource_protection_policy.go:397.2,398.59 2 0
terraform-provider-powerstore/powerstore/resource_protection_policy.go:402.2,406.57 3 0
terraform-provider-powerstore/powerstore/resource_protection_policy.go:409.2,410.49 2 0
terraform-provider-powerstore/powerstore/resource_protection_policy.go:413.2,417.72 3 0
terraform-provider-powerstore/powerstore/resource_protection_policy.go:420.2,421.53 2 0
terraform-provider-powerstore/powerstore/resource_protection_policy.go:424.2,424.84 1 0
terraform-provider-powerstore/powerstore/resource_protection_policy.go:383.63,385.3 1 0
terraform-provider-powerstore/powerstore/resource_protection_policy.go:387.55,389.3 1 0
terraform-provider-powerstore/powerstore/resource_protection_policy.go:394.78,396.3 1 0
terraform-provider-powerstore/powerstore/resource_protection_policy.go:398.59,400.3 1 0
terraform-provider-powerstore/powerstore/resource_protection_policy.go:406.57,408.3 1 0
terraform-provider-powerstore/powerstore/resource_protection_policy.go:410.49,412.3 1 0
terraform-provider-powerstore/powerstore/resource_protection_policy.go:417.72,419.3 1 0
terraform-provider-powerstore/powerstore/resource_protection_policy.go:421.53,423.3 1 0
terraform-provider-powerstore/powerstore/resource_protection_policy.go:427.102,429.94 2 0
terraform-provider-powerstore/powerstore/resource_protection_policy.go:445.2,446.100 2 0
terraform-provider-powerstore/powerstore/resource_protection_policy.go:462.2,462.18 1 0
terraform-provider-powerstore/powerstore/resource_protection_policy.go:429.94,431.3 1 0
terraform-provider-powerstore/powerstore/resource_protection_policy.go:431.8,431.56 1 0
terraform-provider-powerstore/powerstore/resource_protection_policy.go:431.56,432.70 1 0
terraform-provider-powerstore/powerstore/resource_protection_policy.go:432.70,437.46 4 0
terraform-provider-powerstore/powerstore/resource_protection_policy.go:441.4,441.76 1 0
terraform-provider-powerstore/powerstore/resource_protection_policy.go:437.46,439.5 1 0
terraform-provider-powerstore/powerstore/resource_protection_policy.go:446.100,448.3 1 0
terraform-provider-powerstore/powerstore/resource_protection_policy.go:448.8,448.59 1 0
terraform-provider-powerstore/powerstore/resource_protection_policy.go:448.59,449.76 1 0
terraform-provider-powerstore/powerstore/resource_protection_policy.go:454.3,455.48 2 0
terraform-provider-powerstore/powerstore/resource_protection_policy.go:459.3,459.81 1 0
terraform-provider-powerstore/powerstore/resource_protection_policy.go:449.76,452.4 2 0
terraform-provider-powerstore/powerstore/resource_protection_policy.go:455.48,457.4 1 0
terraform-provider-powerstore/powerstore/provider.go:43.119,46.2 2 1
terraform-provider-powerstore/powerstore/provider.go:49.113,87.2 1 1
terraform-provider-powerstore/powerstore/provider.go:90.122,95.33 3 1
terraform-provider-powerstore/powerstore/provider.go:100.2,109.16 2 1
terraform-provider-powerstore/powerstore/provider.go:117.2,119.36 3 1
terraform-provider-powerstore/powerstore/provider.go:95.33,97.3 1 0
terraform-provider-powerstore/powerstore/provider.go:109.16,115.3 2 0
terraform-provider-powerstore/powerstore/provider.go:123.84,133.2 1 1
terraform-provider-powerstore/powerstore/provider.go:136.90,144.2 1 1
terraform-provider-powerstore/powerstore/provider.go:147.51,148.34 1 1
terraform-provider-powerstore/powerstore/provider.go:148.34,152.3 1 1
terraform-provider-powerstore/powerstore/resource_storagecontainer.go:20.54,22.2 1 1
terraform-provider-powerstore/powerstore/resource_storagecontainer.go:29.129,31.2 1 1
terraform-provider-powerstore/powerstore/resource_storagecontainer.go:34.123,84.2 1 1
terraform-provider-powerstore/powerstore/resource_storagecontainer.go:87.132,89.29 1 0
terraform-provider-powerstore/powerstore/resource_storagecontainer.go:93.2,95.9 2 0
terraform-provider-powerstore/powerstore/resource_storagecontainer.go:104.2,104.19 1 0
terraform-provider-powerstore/powerstore/resource_storagecontainer.go:89.29,91.3 1 0
terraform-provider-powerstore/powerstore/resource_storagecontainer.go:95.9,102.3 2 0
terraform-provider-powerstore/powerstore/resource_storagecontainer.go:108.123,114.33 4 0
terraform-provider-powerstore/powerstore/resource_storagecontainer.go:118.2,126.16 3 0
terraform-provider-powerstore/powerstore/resource_storagecontainer.go:135.2,136.17 2 0
terraform-provider-powerstore/powerstore/resource_storagecontainer.go:144.2,150.33 5 0
terraform-provider-powerstore/powerstore/resource_storagecontainer.go:153.2,153.32 1 0
terraform-provider-powerstore/powerstore/resource_storagecontainer.go:114.33,116.3 1 0
terraform-provider-powerstore/powerstore/resource_storagecontainer.go:126.16,132.3 2 0
terraform-provider-powerstore/powerstore/resource_storagecontainer.go:136.17,142.3 2 0
terraform-provider-powerstore/powerstore/resource_storagecontainer.go:150.33,152.3 1 0
terraform-provider-powerstore/powerstore/resource_storagecontainer.go:157.117,162.33 4 0
terraform-provider-powerstore/powerstore/resource_storagecontainer.go:167.2,170.16 3 0
terraform-provider-powerstore/powerstore/resource_storagecontainer.go:178.2,183.33 4 0
terraform-provider-powerstore/powerstore/resource_storagecontainer.go:187.2,187.30 1 0
terraform-provider-powerstore/powerstore/resource_storagecontainer.go:162.33,164.3 1 0
terraform-provider-powerstore/powerstore/resource_storagecontainer.go:170.16,176.3 2 0
terraform-provider-powerstore/powerstore/resource_storagecontainer.go:183.33,185.3 1 0
terraform-provider-powerstore/powerstore/resource_storagecontainer.go:191.123,198.33 5 0
terraform-provider-powerstore/powerstore/resource_storagecontainer.go:203.2,206.33 4 0
terraform-provider-powerstore/powerstore/resource_storagecontainer.go:211.2,219.16 3 0
terraform-provider-powerstore/powerstore/resource_storagecontainer.go:228.2,229.16 2 0
terraform-provider-powerstore/powerstore/resource_storagecontainer.go:237.2,241.33 4 0
terraform-provider-powerstore/powerstore/resource_storagecontainer.go:245.2,245.45 1 0
terraform-provider-powerstore/powerstore/resource_storagecontainer.go:198.33,200.3 1 0
terraform-provider-powerstore/powerstore/resource_storagecontainer.go:206.33,208.3 1 0
terraform-provider-powerstore/powerstore/resource_storagecontainer.go:219.16,225.3 2 0
terraform-provider-powerstore/powerstore/resource_storagecontainer.go:229.16,235.3 2 0
terraform-provider-powerstore/powerstore/resource_storagecontainer.go:241.33,243.3 1 0
terraform-provider-powerstore/powerstore/resource_storagecontainer.go:249.123,255.33 5 0
terraform-provider-powerstore/powerstore/resource_storagecontainer.go:260.2,264.16 3 0
terraform-provider-powerstore/powerstore/resource_storagecontainer.go:272.2,272.32 1 0
terraform-provider-powerstore/powerstore/resource_storagecontainer.go:255.33,257.3 1 0
terraform-provider-powerstore/powerstore/resource_storagecontainer.go:264.16,270.3 2 0
terraform-provider-powerstore/powerstore/resource_storagecontainer.go:276.138,279.2 1 0
terraform-provider-powerstore/powerstore/resource_storagecontainer.go:281.148,287.2 5 0
terraform-provider-powerstore/powerstore/resource_storagecontainer.go:289.116,297.57 2 0
terraform-provider-powerstore/powerstore/resource_storagecontainer.go:301.2,301.57 1 0
terraform-provider-powerstore/powerstore/resource_storagecontainer.go:305.2,305.79 1 0
terraform-provider-powerstore/powerstore/resource_storagecontainer.go:309.2,309.73 1 0
terraform-provider-powerstore/powerstore/resource_storagecontainer.go:313.2,313.31 1 0
terraform-provider-powerstore/powerstore/resource_storagecontainer.go:297.57,299.3 1 0
terraform-provider-powerstore/powerstore/resource_storagecontainer.go:301.57,303.3 1 0
terraform-provider-powerstore/powerstore/resource_storagecontainer.go:305.79,307.3 1 0
terraform-provider-powerstore/powerstore/resource_storagecontainer.go:309.73,311.3 1 0
terraform-provider-powerstore/powerstore/volume_helper.go:22.195,39.42 15 0
terraform-provider-powerstore/powerstore/volume_helper.go:46.2,46.26 1 0
terraform-provider-powerstore/powerstore/volume_helper.go:56.2,56.66 1 0
terraform-provider-powerstore/powerstore/volume_helper.go:68.2,74.55 7 0
terraform-provider-powerstore/powerstore/volume_helper.go:39.42,41.3 1 0
terraform-provider-powerstore/powerstore/volume_helper.go:41.8,43.3 1 0
terraform-provider-powerstore/powerstore/volume_helper.go:46.26,50.3 3 0
terraform-provider-powerstore/powerstore/volume_helper.go:50.8,54.3 3 0
terraform-provider-powerstore/powerstore/volume_helper.go:56.66,64.3 7 0
terraform-provider-powerstore/powerstore/volume_helper.go:64.8,64.71 1 0
terraform-provider-powerstore/powerstore/volume_helper.go:64.71,66.3 1 0
terraform-provider-powerstore/powerstore/volume_helper.go:77.123,84.12 6 0
terraform-provider-powerstore/powerstore/volume_helper.go:90.2,91.21 2 0
terraform-provider-powerstore/powerstore/volume_helper.go:97.2,99.16 2 0
terraform-provider-powerstore/powerstore/volume_helper.go:107.2,107.142 1 0
terraform-provider-powerstore/powerstore/volume_helper.go:127.2,127.81 1 0
terraform-provider-powerstore/powerstore/volume_helper.go:147.2,147.65 1 0
terraform-provider-powerstore/powerstore/volume_helper.go:84.12,88.3 3 0
terraform-provider-powerstore/powerstore/volume_helper.go:91.21,95.3 3 0
terraform-provider-powerstore/powerstore/volume_helper.go:99.16,102.3 2 0
terraform-provider-powerstore/powerstore/volume_helper.go:102.8,104.3 1 0
terraform-provider-powerstore/powerstore/volume_helper.go:107.142,110.17 2 0
terraform-provider-powerstore/powerstore/volume_helper.go:117.3,118.17 2 0
terraform-provider-powerstore/powerstore/volume_helper.go:110.17,113.4 2 0
terraform-provider-powerstore/powerstore/volume_helper.go:113.9,115.4 1 0
terraform-provider-powerstore/powerstore/volume_helper.go:118.17,121.4 2 0
terraform-provider-powerstore/powerstore/volume_helper.go:121.9,123.4 1 0
terraform-provider-powerstore/powerstore/volume_helper.go:127.81,128.49 1 0
terraform-provider-powerstore/powerstore/volume_helper.go:137.3,137.48 1 0
terraform-provider-powerstore/powerstore/volume_helper.go:128.49,130.18 2 0
terraform-provider-powerstore/powerstore/volume_helper.go:130.18,133.5 2 0
terraform-provider-powerstore/powerstore/volume_helper.go:133.10,135.5 1 0
terraform-provider-powerstore/powerstore/volume_helper.go:137.48,139.18 2 0
terraform-provider-powerstore/powerstore/volume_helper.go:139.18,142.5 2 0
terraform-provider-powerstore/powerstore/volume_helper.go:142.10,144.5 1 0
terraform-provider-powerstore/powerstore/volume_helper.go:151.90,152.83 1 0
terraform-provider-powerstore/powerstore/volume_helper.go:155.2,156.127 1 0
terraform-provider-powerstore/powerstore/volume_helper.go:159.2,159.97 1 0
terraform-provider-powerstore/powerstore/volume_helper.go:162.2,162.103 1 0
terraform-provider-powerstore/powerstore/volume_helper.go:165.2,165.113 1 0
terraform-provider-powerstore/powerstore/volume_helper.go:168.2,168.81 1 0
terraform-provider-powerstore/powerstore/volume_helper.go:171.2,171.47 1 0
terraform-provider-powerstore/powerstore/volume_helper.go:174.2,174.49 1 0
terraform-provider-powerstore/powerstore/volume_helper.go:177.2,177.17 1 0
terraform-provider-powerstore/powerstore/volume_helper.go:152.83,154.3 1 0
terraform-provider-powerstore/powerstore/volume_helper.go:156.127,158.3 1 0
terraform-provider-powerstore/powerstore/volume_helper.go:159.97,161.3 1 0
terraform-provider-powerstore/powerstore/volume_helper.go:162.103,164.3 1 0
terraform-provider-powerstore/powerstore/volume_helper.go:165.113,167.3 1 0
terraform-provider-powerstore/powerstore/volume_helper.go:168.81,170.3 1 0
terraform-provider-powerstore/powerstore/volume_helper.go:171.47,173.3 1 0
terraform-provider-powerstore/powerstore/volume_helper.go:174.49,176.3 1 0
terraform-provider-powerstore/powerstore/volume_helper.go:181.81,182.77 1 0
terraform-provider-powerstore/powerstore/volume_helper.go:185.2,185.91 1 0
terraform-provider-powerstore/powerstore/volume_helper.go:188.2,188.17 1 0
terraform-provider-powerstore/powerstore/volume_helper.go:182.77,184.3 1 0
terraform-provider-powerstore/powerstore/volume_helper.go:185.91,187.3 1 0
terraform-provider-powerstore/powerstore/volume_helper.go:191.78,193.41 2 0
terraform-provider-powerstore/powerstore/volume_helper.go:203.2,203.30 1 0
terraform-provider-powerstore/powerstore/volume_helper.go:194.12,195.46 1 0
terraform-provider-powerstore/powerstore/volume_helper.go:196.12,197.46 1 0
terraform-provider-powerstore/powerstore/volume_helper.go:198.12,199.46 1 0
terraform-provider-powerstore/powerstore/volume_helper.go:200.10,201.36 1 0
terraform-provider-powerstore/powerstore/volume_helper.go:206.54,210.77 4 0
terraform-provider-powerstore/powerstore/volume_helper.go:213.2,213.14 1 0
terraform-provider-powerstore/powerstore/volume_helper.go:216.2,216.29 1 0
terraform-provider-powerstore/powerstore/volume_helper.go:210.77,212.3 1 0
terraform-provider-powerstore/powerstore/volume_helper.go:213.14,215.3 1 0
terraform-provider-powerstore/powerstore/volume_helper.go:220.76,221.39 1 0
terraform-provider-powerstore/powerstore/volume_helper.go:228.2,228.44 1 0
terraform-provider-powerstore/powerstore/volume_helper.go:235.2,235.46 1 0
terraform-provider-powerstore/powerstore/volume_helper.go:242.2,242.44 1 0
terraform-provider-powerstore/powerstore/volume_helper.go:249.2,249.51 1 0
terraform-provider-powerstore/powerstore/volume_helper.go:256.2,256.17 1 0
terraform-provider-powerstore/powerstore/volume_helper.go:221.39,223.17 2 0
terraform-provider-powerstore/powerstore/volume_helper.go:226.3,226.46 1 0
terraform-provider-powerstore/powerstore/volume_helper.go:223.17,225.4 1 0
terraform-provider-powerstore/powerstore/volume_helper.go:228.44,230.17 2 0
terraform-provider-powerstore/powerstore/volume_helper.go:233.3,233.56 1 0
terraform-provider-powerstore/powerstore/volume_helper.go:230.17,232.4 1 0
terraform-provider-powerstore/powerstore/volume_helper.go:235.46,237.17 2 0
terraform-provider-powerstore/powerstore/volume_helper.go:240.3,240.57 1 0
terraform-provider-powerstore/powerstore/volume_helper.go:237.17,239.4 1 0
terraform-provider-powerstore/powerstore/volume_helper.go:242.44,244.17 2 0
terraform-provider-powerstore/powerstore/volume_helper.go:247.3,247.56 1 0
terraform-provider-powerstore/powerstore/volume_helper.go:244.17,246.4 1 0
terraform-provider-powerstore/powerstore/volume_helper.go:249.51,251.17 2 0
terraform-provider-powerstore/powerstore/volume_helper.go:254.3,254.60 1 0
terraform-provider-powerstore/powerstore/volume_helper.go:251.17,253.4 1 0
terraform-provider-powerstore/powerstore/volume_helper.go:259.102,261.85 2 0
terraform-provider-powerstore/powerstore/volume_helper.go:271.2,271.12 1 0
terraform-provider-powerstore/powerstore/volume_helper.go:261.85,265.42 2 0
terraform-provider-powerstore/powerstore/volume_helper.go:265.42,267.4 1 0
terraform-provider-powerstore/powerstore/volume_helper.go:267.9,269.4 1 0
terraform-provider-powerstore/powerstore/volume_helper.go:274.102,276.83 2 0
terraform-provider-powerstore/powerstore/volume_helper.go:287.2,287.12 1 0
terraform-provider-powerstore/powerstore/volume_helper.go:276.83,281.41 2 0
terraform-provider-powerstore/powerstore/volume_helper.go:281.41,283.4 1 0
terraform-provider-powerstore/powerstore/volume_helper.go:283.9,285.4 1 0
terraform-provider-powerstore/powerstore/volume_helper.go:290.110,293.2 2 0
terraform-provider-powerstore/powerstore/volume_helper.go:295.111,298.2 2 0
terraform-provider-powerstore/powerstore/volume_helper.go:300.102,314.2 4 0
terraform-provider-powerstore/powerstore/datasource_host.go:23.48,25.2 1 1
terraform-provider-powerstore/powerstore/datasource_host.go:37.121,39.2 1 1
terraform-provider-powerstore/powerstore/datasource_host.go:41.113,229.2 1 1
terraform-provider-powerstore/powerstore/datasource_host.go:231.121,232.29 1 0
terraform-provider-powerstore/powerstore/datasource_host.go:235.2,235.46 1 0
terraform-provider-powerstore/powerstore/datasource_host.go:232.29,234.3 1 0
terraform-provider-powerstore/powerstore/datasource_host.go:238.111,246.33 7 0
terraform-provider-powerstore/powerstore/datasource_host.go:251.2,251.36 1 0
terraform-provider-powerstore/powerstore/datasource_host.go:261.2,261.16 1 0
terraform-provider-powerstore/powerstore/datasource_host.go:270.2,271.16 2 0
terraform-provider-powerstore/powerstore/datasource_host.go:279.2,282.33 4 0
terraform-provider-powerstore/powerstore/datasource_host.go:246.33,248.3 1 0
terraform-provider-powerstore/powerstore/datasource_host.go:251.36,254.3 2 0
terraform-provider-powerstore/powerstore/datasource_host.go:254.8,254.41 1 0
terraform-provider-powerstore/powerstore/datasource_host.go:254.41,257.3 2 0
terraform-provider-powerstore/powerstore/datasource_host.go:257.8,259.3 1 0
terraform-provider-powerstore/powerstore/datasource_host.go:261.16,267.3 2 0
terraform-provider-powerstore/powerstore/datasource_host.go:271.16,277.3 2 0
terraform-provider-powerstore/powerstore/datasource_host.go:282.33,284.3 1 0
terraform-provider-powerstore/powerstore/datasource_host.go:288.95,289.34 1 0
terraform-provider-powerstore/powerstore/datasource_host.go:340.2,340.22 1 0
terraform-provider-powerstore/powerstore/datasource_host.go:289.34,307.52 2 0
terraform-provider-powerstore/powerstore/datasource_host.go:315.3,315.81 1 0
terraform-provider-powerstore/powerstore/datasource_host.go:323.3,323.55 1 0
terraform-provider-powerstore/powerstore/datasource_host.go:330.3,330.51 1 0
terraform-provider-powerstore/powerstore/datasource_host.go:338.3,338.41 1 0
terraform-provider-powerstore/powerstore/datasource_host.go:307.52,313.4 1 0
terraform-provider-powerstore/powerstore/datasource_host.go:315.81,321.4 1 0
terraform-provider-powerstore/powerstore/datasource_host.go:323.55,328.4 1 0
terraform-provider-powerstore/powerstore/datasource_host.go:330.51,337.4 1 0
terraform-provider-powerstore/powerstore/resource_host.go:19.42,21.2 1 1
terraform-provider-powerstore/powerstore/resource_host.go:28.117,30.2 1 1
terraform-provider-powerstore/powerstore/resource_host.go:33.111,133.2 1 1
terraform-provider-powerstore/powerstore/resource_host.go:136.120,138.29 1 0
terraform-provider-powerstore/powerstore/resource_host.go:142.2,144.9 2 0
terraform-provider-powerstore/powerstore/resource_host.go:153.2,153.19 1 0
terraform-provider-powerstore/powerstore/resource_host.go:138.29,140.3 1 0
terraform-provider-powerstore/powerstore/resource_host.go:144.9,151.3 2 0
terraform-provider-powerstore/powerstore/resource_host.go:157.111,163.33 4 0
terraform-provider-powerstore/powerstore/resource_host.go:168.2,169.36 2 0
terraform-provider-powerstore/powerstore/resource_host.go:214.2,228.16 6 0
terraform-provider-powerstore/powerstore/resource_host.go:237.2,238.17 2 0
terraform-provider-powerstore/powerstore/resource_host.go:247.2,253.33 5 0
terraform-provider-powerstore/powerstore/resource_host.go:256.2,256.32 1 0
terraform-provider-powerstore/powerstore/resource_host.go:163.33,165.3 1 0
terraform-provider-powerstore/powerstore/resource_host.go:169.36,189.84 16 0
terraform-provider-powerstore/powerstore/resource_host.go:211.3,211.45 1 0
terraform-provider-powerstore/powerstore/resource_host.go:189.84,194.4 1 0
terraform-provider-powerstore/powerstore/resource_host.go:194.9,194.38 1 0
terraform-provider-powerstore/powerstore/resource_host.go:194.38,201.4 1 0
terraform-provider-powerstore/powerstore/resource_host.go:201.9,210.4 1 0
terraform-provider-powerstore/powerstore/resource_host.go:228.16,234.3 2 0
terraform-provider-powerstore/powerstore/resource_host.go:238.17,244.3 2 0
terraform-provider-powerstore/powerstore/resource_host.go:253.33,255.3 1 0
terraform-provider-powerstore/powerstore/resource_host.go:260.105,265.33 4 0
terraform-provider-powerstore/powerstore/resource_host.go:270.2,273.16 3 0
terraform-provider-powerstore/powerstore/resource_host.go:281.2,286.33 4 0
terraform-provider-powerstore/powerstore/resource_host.go:290.2,290.30 1 0
terraform-provider-powerstore/powerstore/resource_host.go:265.33,267.3 1 0
terraform-provider-powerstore/powerstore/resource_host.go:273.16,279.3 2 0
terraform-provider-powerstore/powerstore/resource_host.go:286.33,288.3 1 0
terraform-provider-powerstore/powerstore/resource_host.go:294.111,301.33 5 0
terraform-provider-powerstore/powerstore/resource_host.go:306.2,309.33 4 0
terraform-provider-powerstore/powerstore/resource_host.go:314.2,318.16 3 0
terraform-provider-powerstore/powerstore/resource_host.go:327.2,332.16 2 0
terraform-provider-powerstore/powerstore/resource_host.go:342.2,347.16 2 0
terraform-provider-powerstore/powerstore/resource_host.go:356.2,357.16 2 0
terraform-provider-powerstore/powerstore/resource_host.go:366.2,370.33 4 0
terraform-provider-powerstore/powerstore/resource_host.go:374.2,374.45 1 0
terraform-provider-powerstore/powerstore/resource_host.go:301.33,303.3 1 0
terraform-provider-powerstore/powerstore/resource_host.go:309.33,311.3 1 0
terraform-provider-powerstore/powerstore/resource_host.go:318.16,324.3 2 0
terraform-provider-powerstore/powerstore/resource_host.go:332.16,338.3 2 0
terraform-provider-powerstore/powerstore/resource_host.go:347.16,353.3 2 0
terraform-provider-powerstore/powerstore/resource_host.go:357.16,363.3 2 0
terraform-provider-powerstore/powerstore/resource_host.go:370.33,372.3 1 0
terraform-provider-powerstore/powerstore/resource_host.go:378.111,384.33 5 0
terraform-provider-powerstore/powerstore/resource_host.go:389.2,393.16 3 0
terraform-provider-powerstore/powerstore/resource_host.go:401.2,401.32 1 0
terraform-provider-powerstore/powerstore/resource_host.go:384.33,386.3 1 0
terraform-provider-powerstore/powerstore/resource_host.go:393.16,399.3 2 0
terraform-provider-powerstore/powerstore/resource_host.go:405.126,407.2 1 0
terraform-provider-powerstore/powerstore/resource_host.go:410.112,421.46 8 0
terraform-provider-powerstore/powerstore/resource_host.go:429.2,430.48 2 0
terraform-provider-powerstore/powerstore/resource_host.go:436.2,436.48 1 0
terraform-provider-powerstore/powerstore/resource_host.go:466.2,467.32 2 0
terraform-provider-powerstore/powerstore/resource_host.go:421.46,422.45 1 0
terraform-provider-powerstore/powerstore/resource_host.go:422.45,424.4 1 0
terraform-provider-powerstore/powerstore/resource_host.go:430.48,431.46 1 0
terraform-provider-powerstore/powerstore/resource_host.go:431.46,433.4 1 0
terraform-provider-powerstore/powerstore/resource_host.go:436.48,438.114 2 0
terraform-provider-powerstore/powerstore/resource_host.go:464.3,464.50 1 0
terraform-provider-powerstore/powerstore/resource_host.go:438.114,441.4 2 0
terraform-provider-powerstore/powerstore/resource_host.go:441.9,441.48 1 0
terraform-provider-powerstore/powerstore/resource_host.go:441.48,444.34 3 0
terraform-provider-powerstore/powerstore/resource_host.go:449.4,449.87 1 0
terraform-provider-powerstore/powerstore/resource_host.go:444.34,446.5 1 0
terraform-provider-powerstore/powerstore/resource_host.go:446.10,448.5 1 0
terraform-provider-powerstore/powerstore/resource_host.go:450.9,453.34 3 0
terraform-provider-powerstore/powerstore/resource_host.go:460.4,461.87 2 0
terraform-provider-powerstore/powerstore/resource_host.go:453.34,456.5 2 0
terraform-provider-powerstore/powerstore/resource_host.go:456.10,459.5 2 0
terraform-provider-powerstore/powerstore/resource_host.go:467.32,469.3 1 0
terraform-provider-powerstore/powerstore/resource_host.go:473.86,479.81 4 0
terraform-provider-powerstore/powerstore/resource_host.go:484.2,485.31 2 0
terraform-provider-powerstore/powerstore/resource_host.go:492.2,493.32 2 0
terraform-provider-powerstore/powerstore/resource_host.go:500.2,501.45 2 0
terraform-provider-powerstore/powerstore/resource_host.go:509.2,510.44 2 0
terraform-provider-powerstore/powerstore/resource_host.go:517.2,518.45 2 0
terraform-provider-powerstore/powerstore/resource_host.go:528.2,529.44 2 0
terraform-provider-powerstore/powerstore/resource_host.go:533.2,541.19 2 0
terraform-provider-powerstore/powerstore/resource_host.go:479.81,481.3 1 0
terraform-provider-powerstore/powerstore/resource_host.go:485.31,486.45 1 0
terraform-provider-powerstore/powerstore/resource_host.go:486.45,488.4 1 0
terraform-provider-powerstore/powerstore/resource_host.go:493.32,494.46 1 0
terraform-provider-powerstore/powerstore/resource_host.go:494.46,496.4 1 0
terraform-provider-powerstore/powerstore/resource_host.go:501.45,503.13 2 0
terraform-provider-powerstore/powerstore/resource_host.go:503.13,505.4 1 0
terraform-provider-powerstore/powerstore/resource_host.go:510.44,512.13 2 0
terraform-provider-powerstore/powerstore/resource_host.go:512.13,514.4 1 0
terraform-provider-powerstore/powerstore/resource_host.go:518.45,525.3 3 0
terraform-provider-powerstore/powerstore/resource_host.go:529.44,531.3 1 0
terraform-provider-powerstore/powerstore/resource_host.go:545.89,549.44 3 0
terraform-provider-powerstore/powerstore/resource_host.go:592.2,592.19 1 0
terraform-provider-powerstore/powerstore/resource_host.go:549.44,567.59 15 0
terraform-provider-powerstore/powerstore/resource_host.go:587.3,590.4 2 0
terraform-provider-powerstore/powerstore/resource_host.go:567.59,571.4 1 0
terraform-provider-powerstore/powerstore/resource_host.go:571.9,571.38 1 0
terraform-provider-powerstore/powerstore/resource_host.go:571.38,577.4 1 0
terraform-provider-powerstore/powerstore/resource_host.go:577.9,585.4 1 0
terraform-provider-powerstore/powerstore/resource_host_group.go:23.47,25.2 1 1
terraform-provider-powerstore/powerstore/resource_host_group.go:32.122,34.2 1 1
terraform-provider-powerstore/powerstore/resource_host_group.go:37.116,92.2 1 1
terraform-provider-powerstore/powerstore/resource_host_group.go:95.125,97.29 1 1
terraform-provider-powerstore/powerstore/resource_host_group.go:101.2,103.9 2 1
terraform-provider-powerstore/powerstore/resource_host_group.go:112.2,112.19 1 1
terraform-provider-powerstore/powerstore/resource_host_group.go:97.29,99.3 1 1
terraform-provider-powerstore/powerstore/resource_host_group.go:103.9,110.3 2 0
terraform-provider-powerstore/powerstore/resource_host_group.go:116.116,122.33 4 1
terraform-provider-powerstore/powerstore/resource_host_group.go:126.2,130.16 3 1
terraform-provider-powerstore/powerstore/resource_host_group.go:139.2,140.16 2 1
terraform-provider-powerstore/powerstore/resource_host_group.go:148.2,153.33 5 1
terraform-provider-powerstore/powerstore/resource_host_group.go:156.2,156.32 1 1
terraform-provider-powerstore/powerstore/resource_host_group.go:122.33,124.3 1 0
terraform-provider-powerstore/powerstore/resource_host_group.go:130.16,136.3 2 1
terraform-provider-powerstore/powerstore/resource_host_group.go:140.16,146.3 2 0
terraform-provider-powerstore/powerstore/resource_host_group.go:153.33,155.3 1 0
terraform-provider-powerstore/powerstore/resource_host_group.go:160.116,166.33 5 1
terraform-provider-powerstore/powerstore/resource_host_group.go:171.2,175.16 3 1
terraform-provider-powerstore/powerstore/resource_host_group.go:183.2,183.32 1 1
terraform-provider-powerstore/powerstore/resource_host_group.go:166.33,168.3 1 0
terraform-provider-powerstore/powerstore/resource_host_group.go:175.16,181.3 2 0
terraform-provider-powerstore/powerstore/resource_host_group.go:187.110,192.33 5 1
terraform-provider-powerstore/powerstore/resource_host_group.go:197.2,200.16 3 1
terraform-provider-powerstore/powerstore/resource_host_group.go:208.2,213.33 4 1
terraform-provider-powerstore/powerstore/resource_host_group.go:216.2,216.30 1 1
terraform-provider-powerstore/powerstore/resource_host_group.go:192.33,194.3 1 0
terraform-provider-powerstore/powerstore/resource_host_group.go:200.16,206.3 2 1
terraform-provider-powerstore/powerstore/resource_host_group.go:213.33,215.3 1 0
terraform-provider-powerstore/powerstore/resource_host_group.go:220.116,227.33 5 1
terraform-provider-powerstore/powerstore/resource_host_group.go:232.2,235.33 4 1
terraform-provider-powerstore/powerstore/resource_host_group.go:240.2,255.16 5 1
terraform-provider-powerstore/powerstore/resource_host_group.go:263.2,264.16 2 1
terraform-provider-powerstore/powerstore/resource_host_group.go:272.2,276.33 4 1
terraform-provider-powerstore/powerstore/resource_host_group.go:280.2,280.45 1 1
terraform-provider-powerstore/powerstore/resource_host_group.go:227.33,229.3 1 0
terraform-provider-powerstore/powerstore/resource_host_group.go:235.33,237.3 1 0
terraform-provider-powerstore/powerstore/resource_host_group.go:255.16,260.3 1 0
terraform-provider-powerstore/powerstore/resource_host_group.go:264.16,270.3 2 0
terraform-provider-powerstore/powerstore/resource_host_group.go:276.33,278.3 1 0
terraform-provider-powerstore/powerstore/resource_host_group.go:284.131,286.2 1 1
terraform-provider-powerstore/powerstore/resource_host_group.go:289.102,292.49 2 1
terraform-provider-powerstore/powerstore/resource_host_group.go:296.2,301.24 2 1
terraform-provider-powerstore/powerstore/resource_host_group.go:292.49,294.3 1 1
terraform-provider-powerstore/powerstore/resource_host_group.go:305.158,313.47 5 1
terraform-provider-powerstore/powerstore/resource_host_group.go:317.2,318.33 2 1
terraform-provider-powerstore/powerstore/resource_host_group.go:321.2,321.74 1 1
terraform-provider-powerstore/powerstore/resource_host_group.go:313.47,315.3 1 1
terraform-provider-powerstore/powerstore/resource_host_group.go:318.33,320.3 1 1
terraform-provider-powerstore/powerstore/resource_host_group.go:325.90,328.47 2 1
terraform-provider-powerstore/powerstore/resource_host_group.go:333.2,334.48 2 1
terraform-provider-powerstore/powerstore/resource_host_group.go:339.2,340.27 2 1
terraform-provider-powerstore/powerstore/resource_host_group.go:347.2,348.28 2 1
terraform-provider-powerstore/powerstore/resource_host_group.go:355.2,356.41 2 1
terraform-provider-powerstore/powerstore/resource_host_group.go:365.2,366.42 2 1
terraform-provider-powerstore/powerstore/resource_host_group.go:371.2,372.40 2 1
terraform-provider-powerstore/powerstore/resource_host_group.go:381.2,382.39 2 1
terraform-provider-powerstore/powerstore/resource_host_group.go:386.2,386.44 1 1
terraform-provider-powerstore/powerstore/resource_host_group.go:328.47,330.3 1 1
terraform-provider-powerstore/powerstore/resource_host_group.go:334.48,336.3 1 1
terraform-provider-powerstore/powerstore/resource_host_group.go:340.27,341.41 1 1
terraform-provider-powerstore/powerstore/resource_host_group.go:341.41,343.4 1 1
terraform-provider-powerstore/powerstore/resource_host_group.go:348.28,349.42 1 1
terraform-provider-powerstore/powerstore/resource_host_group.go:349.42,351.4 1 1
terraform-provider-powerstore/powerstore/resource_host_group.go:356.41,358.13 2 1
terraform-provider-powerstore/powerstore/resource_host_group.go:358.13,361.4 2 1
terraform-provider-powerstore/powerstore/resource_host_group.go:366.42,368.3 1 1
terraform-provider-powerstore/powerstore/resource_host_group.go:372.40,374.13 2 1
terraform-provider-powerstore/powerstore/resource_host_group.go:374.13,377.4 2 0
terraform-provider-powerstore/powerstore/resource_host_group.go:382.39,384.3 1 0
terraform-provider-powerstore/powerstore/resource_volume.go:35.44,37.2 1 1
terraform-provider-powerstore/powerstore/resource_volume.go:39.118,41.2 1 1
terraform-provider-powerstore/powerstore/resource_volume.go:43.112,310.2 1 1
terraform-provider-powerstore/powerstore/resource_volume.go:313.120,314.29 1 0
terraform-provider-powerstore/powerstore/resource_volume.go:317.2,318.9 2 0
terraform-provider-powerstore/powerstore/resource_volume.go:327.2,327.19 1 0
terraform-provider-powerstore/powerstore/resource_volume.go:314.29,316.3 1 0
terraform-provider-powerstore/powerstore/resource_volume.go:318.9,325.3 2 0
terraform-provider-powerstore/powerstore/resource_volume.go:331.112,340.33 6 0
terraform-provider-powerstore/powerstore/resource_volume.go:344.2,345.18 2 0
terraform-provider-powerstore/powerstore/resource_volume.go:353.2,354.12 2 0
terraform-provider-powerstore/powerstore/resource_volume.go:361.2,383.12 5 0
terraform-provider-powerstore/powerstore/resource_volume.go:393.2,394.16 2 0
terraform-provider-powerstore/powerstore/resource_volume.go:403.2,404.17 2 0
terraform-provider-powerstore/powerstore/resource_volume.go:412.2,413.17 2 0
terraform-provider-powerstore/powerstore/resource_volume.go:421.2,422.16 2 0
terraform-provider-powerstore/powerstore/resource_volume.go:429.2,438.33 7 0
terraform-provider-powerstore/powerstore/resource_volume.go:441.2,441.32 1 0
terraform-provider-powerstore/powerstore/resource_volume.go:340.33,342.3 1 0
terraform-provider-powerstore/powerstore/resource_volume.go:345.18,351.3 2 0
terraform-provider-powerstore/powerstore/resource_volume.go:354.12,360.3 2 0
terraform-provider-powerstore/powerstore/resource_volume.go:383.12,389.3 2 0
terraform-provider-powerstore/powerstore/resource_volume.go:394.16,400.3 2 0
terraform-provider-powerstore/powerstore/resource_volume.go:404.17,410.3 2 0
terraform-provider-powerstore/powerstore/resource_volume.go:413.17,419.3 2 0
terraform-provider-powerstore/powerstore/resource_volume.go:422.16,428.3 2 0
terraform-provider-powerstore/powerstore/resource_volume.go:438.33,440.3 1 0
terraform-provider-powerstore/powerstore/resource_volume.go:445.106,449.33 4 0
terraform-provider-powerstore/powerstore/resource_volume.go:454.2,457.16 3 0
terraform-provider-powerstore/powerstore/resource_volume.go:465.2,466.16 2 0
terraform-provider-powerstore/powerstore/resource_volume.go:474.2,475.16 2 0
terraform-provider-powerstore/powerstore/resource_volume.go:483.2,488.33 4 0
terraform-provider-powerstore/powerstore/resource_volume.go:492.2,492.30 1 0
terraform-provider-powerstore/powerstore/resource_volume.go:449.33,451.3 1 0
terraform-provider-powerstore/powerstore/resource_volume.go:457.16,463.3 2 0
terraform-provider-powerstore/powerstore/resource_volume.go:466.16,472.3 2 0
terraform-provider-powerstore/powerstore/resource_volume.go:475.16,481.3 2 0
terraform-provider-powerstore/powerstore/resource_volume.go:488.33,490.3 1 0
terraform-provider-powerstore/powerstore/resource_volume.go:496.112,503.33 5 0
terraform-provider-powerstore/powerstore/resource_volume.go:508.2,511.33 4 0
terraform-provider-powerstore/powerstore/resource_volume.go:515.2,516.12 2 0
terraform-provider-powerstore/powerstore/resource_volume.go:525.2,526.89 2 0
terraform-provider-powerstore/powerstore/resource_volume.go:534.2,536.61 2 0
terraform-provider-powerstore/powerstore/resource_volume.go:544.2,545.16 2 0
terraform-provider-powerstore/powerstore/resource_volume.go:554.2,555.16 2 0
terraform-provider-powerstore/powerstore/resource_volume.go:564.2,565.16 2 0
terraform-provider-powerstore/powerstore/resource_volume.go:573.2,578.33 4 0
terraform-provider-powerstore/powerstore/resource_volume.go:582.2,582.32 1 0
terraform-provider-powerstore/powerstore/resource_volume.go:503.33,505.3 1 0
terraform-provider-powerstore/powerstore/resource_volume.go:511.33,513.3 1 0
terraform-provider-powerstore/powerstore/resource_volume.go:516.12,522.3 2 0
terraform-provider-powerstore/powerstore/resource_volume.go:526.89,532.3 2 0
terraform-provider-powerstore/powerstore/resource_volume.go:536.61,541.3 2 0
terraform-provider-powerstore/powerstore/resource_volume.go:545.16,551.3 2 0
terraform-provider-powerstore/powerstore/resource_volume.go:555.16,561.3 2 0
terraform-provider-powerstore/powerstore/resource_volume.go:565.16,571.3 2 0
terraform-provider-powerstore/powerstore/resource_volume.go:578.33,580.3 1 0
terraform-provider-powerstore/powerstore/resource_volume.go:586.112,592.33 5 0
terraform-provider-powerstore/powerstore/resource_volume.go:597.2,598.50 2 0
terraform-provider-powerstore/powerstore/resource_volume.go:610.2,610.79 1 0
terraform-provider-powerstore/powerstore/resource_volume.go:621.2,621.45 1 0
terraform-provider-powerstore/powerstore/resource_volume.go:634.2,635.16 2 0
terraform-provider-powerstore/powerstore/resource_volume.go:644.2,645.32 2 0
terraform-provider-powerstore/powerstore/resource_volume.go:592.33,594.3 1 0
terraform-provider-powerstore/powerstore/resource_volume.go:598.50,601.17 3 0
terraform-provider-powerstore/powerstore/resource_volume.go:601.17,607.4 2 0
terraform-provider-powerstore/powerstore/resource_volume.go:610.79,612.17 2 0
terraform-provider-powerstore/powerstore/resource_volume.go:612.17,618.4 2 0
terraform-provider-powerstore/powerstore/resource_volume.go:621.45,623.17 2 0
terraform-provider-powerstore/powerstore/resource_volume.go:623.17,630.4 2 0
terraform-provider-powerstore/powerstore/resource_volume.go:635.16,641.3 2 0
terraform-provider-powerstore/powerstore/resource_volume.go:649.127,652.2 1 0
terraform-provider-powerstore/powerstore/resource_volume_group.go:24.49,26.2 1 1
terraform-provider-powerstore/powerstore/resource_volume_group.go:33.124,35.2 1 1
terraform-provider-powerstore/powerstore/resource_volume_group.go:38.118,129.2 1 1
terraform-provider-powerstore/powerstore/resource_volume_group.go:132.127,134.29 1 0
terraform-provider-powerstore/powerstore/resource_volume_group.go:138.2,140.9 2 0
terraform-provider-powerstore/powerstore/resource_volume_group.go:149.2,149.19 1 0
terraform-provider-powerstore/powerstore/resource_volume_group.go:134.29,136.3 1 0
terraform-provider-powerstore/powerstore/resource_volume_group.go:140.9,147.3 2 0
terraform-provider-powerstore/powerstore/resource_volume_group.go:153.118,158.33 4 0
terraform-provider-powerstore/powerstore/resource_volume_group.go:162.2,163.51 2 0
terraform-provider-powerstore/powerstore/resource_volume_group.go:167.2,177.16 3 0
terraform-provider-powerstore/powerstore/resource_volume_group.go:186.2,187.16 2 0
terraform-provider-powerstore/powerstore/resource_volume_group.go:195.2,200.33 5 0
terraform-provider-powerstore/powerstore/resource_volume_group.go:203.2,203.32 1 0
terraform-provider-powerstore/powerstore/resource_volume_group.go:158.33,160.3 1 0
terraform-provider-powerstore/powerstore/resource_volume_group.go:163.51,165.3 1 0
terraform-provider-powerstore/powerstore/resource_volume_group.go:177.16,183.3 2 0
terraform-provider-powerstore/powerstore/resource_volume_group.go:187.16,193.3 2 0
terraform-provider-powerstore/powerstore/resource_volume_group.go:200.33,202.3 1 0
terraform-provider-powerstore/powerstore/resource_volume_group.go:207.118,213.33 5 0
terraform-provider-powerstore/powerstore/resource_volume_group.go:218.2,222.16 3 0
terraform-provider-powerstore/powerstore/resource_volume_group.go:231.2,231.47 1 0
terraform-provider-powerstore/powerstore/resource_volume_group.go:246.2,246.40 1 0
terraform-provider-powerstore/powerstore/resource_volume_group.go:265.2,266.16 2 0
terraform-provider-powerstore/powerstore/resource_volume_group.go:274.2,274.32 1 0
terraform-provider-powerstore/powerstore/resource_volume_group.go:213.33,215.3 1 0
terraform-provider-powerstore/powerstore/resource_volume_group.go:222.16,228.3 2 0
terraform-provider-powerstore/powerstore/resource_volume_group.go:231.47,236.17 3 0
terraform-provider-powerstore/powerstore/resource_volume_group.go:236.17,242.4 2 0
terraform-provider-powerstore/powerstore/resource_volume_group.go:246.40,248.48 2 0
terraform-provider-powerstore/powerstore/resource_volume_group.go:251.3,255.17 3 0
terraform-provider-powerstore/powerstore/resource_volume_group.go:248.48,250.4 1 0
terraform-provider-powerstore/powerstore/resource_volume_group.go:255.17,261.4 2 0
terraform-provider-powerstore/powerstore/resource_volume_group.go:266.16,272.3 2 0
terraform-provider-powerstore/powerstore/resource_volume_group.go:278.112,283.33 5 0
terraform-provider-powerstore/powerstore/resource_volume_group.go:288.2,291.16 3 0
terraform-provider-powerstore/powerstore/resource_volume_group.go:299.2,304.33 4 0
terraform-provider-powerstore/powerstore/resource_volume_group.go:307.2,307.30 1 0
terraform-provider-powerstore/powerstore/resource_volume_group.go:283.33,285.3 1 0
terraform-provider-powerstore/powerstore/resource_volume_group.go:291.16,297.3 2 0
terraform-provider-powerstore/powerstore/resource_volume_group.go:304.33,306.3 1 0
terraform-provider-powerstore/powerstore/resource_volume_group.go:311.118,318.33 5 0
terraform-provider-powerstore/powerstore/resource_volume_group.go:323.2,326.33 4 0
terraform-provider-powerstore/powerstore/resource_volume_group.go:331.2,332.51 2 0
terraform-provider-powerstore/powerstore/resource_volume_group.go:337.2,338.52 2 0
terraform-provider-powerstore/powerstore/resource_volume_group.go:343.2,344.29 2 0
terraform-provider-powerstore/powerstore/resource_volume_group.go:351.2,352.30 2 0
terraform-provider-powerstore/powerstore/resource_volume_group.go:359.2,360.43 2 0
terraform-provider-powerstore/powerstore/resource_volume_group.go:369.2,370.46 2 0
terraform-provider-powerstore/powerstore/resource_volume_group.go:375.2,376.42 2 0
terraform-provider-powerstore/powerstore/resource_volume_group.go:385.2,386.43 2 0
terraform-provider-powerstore/powerstore/resource_volume_group.go:390.2,410.16 6 0
terraform-provider-powerstore/powerstore/resource_volume_group.go:417.2,417.33 1 0
terraform-provider-powerstore/powerstore/resource_volume_group.go:428.2,428.36 1 0
terraform-provider-powerstore/powerstore/resource_volume_group.go:440.2,441.16 2 0
terraform-provider-powerstore/powerstore/resource_volume_group.go:449.2,453.33 4 0
terraform-provider-powerstore/powerstore/resource_volume_group.go:457.2,457.45 1 0
terraform-provider-powerstore/powerstore/resource_volume_group.go:318.33,320.3 1 0
terraform-provider-powerstore/powerstore/resource_volume_group.go:326.33,328.3 1 0
terraform-provider-powerstore/powerstore/resource_volume_group.go:332.51,334.3 1 0
terraform-provider-powerstore/powerstore/resource_volume_group.go:338.52,340.3 1 0
terraform-provider-powerstore/powerstore/resource_volume_group.go:344.29,345.43 1 0
terraform-provider-powerstore/powerstore/resource_volume_group.go:345.43,347.4 1 0
terraform-provider-powerstore/powerstore/resource_volume_group.go:352.30,353.44 1 0
terraform-provider-powerstore/powerstore/resource_volume_group.go:353.44,355.4 1 0
terraform-provider-powerstore/powerstore/resource_volume_group.go:360.43,362.13 2 0
terraform-provider-powerstore/powerstore/resource_volume_group.go:362.13,365.4 2 0
terraform-provider-powerstore/powerstore/resource_volume_group.go:370.46,372.3 1 0
terraform-provider-powerstore/powerstore/resource_volume_group.go:376.42,378.13 2 0
terraform-provider-powerstore/powerstore/resource_volume_group.go:378.13,381.4 2 0
terraform-provider-powerstore/powerstore/resource_volume_group.go:386.43,388.3 1 0
terraform-provider-powerstore/powerstore/resource_volume_group.go:410.16,415.3 1 0
terraform-provider-powerstore/powerstore/resource_volume_group.go:417.33,420.17 2 0
terraform-provider-powerstore/powerstore/resource_volume_group.go:420.17,425.4 1 0
terraform-provider-powerstore/powerstore/resource_volume_group.go:428.36,431.17 2 0
terraform-provider-powerstore/powerstore/resource_volume_group.go:431.17,436.4 1 0
terraform-provider-powerstore/powerstore/resource_volume_group.go:441.16,447.3 2 0
terraform-provider-powerstore/powerstore/resource_volume_group.go:453.33,455.3 1 0
terraform-provider-powerstore/powerstore/resource_volume_group.go:461.133,463.2 1 0
terraform-provider-powerstore/powerstore/resource_volume_group.go:466.162,476.50 7 0
terraform-provider-powerstore/powerstore/resource_volume_group.go:479.2,480.37 2 0
terraform-provider-powerstore/powerstore/resource_volume_group.go:483.2,487.65 3 0
terraform-provider-powerstore/powerstore/resource_volume_group.go:490.2,491.41 2 0
terraform-provider-powerstore/powerstore/resource_volume_group.go:494.2,497.72 2 0
terraform-provider-powerstore/powerstore/resource_volume_group.go:476.50,478.3 1 0
terraform-provider-powerstore/powerstore/resource_volume_group.go:480.37,482.3 1 0
terraform-provider-powerstore/powerstore/resource_volume_group.go:487.65,489.3 1 0
terraform-provider-powerstore/powerstore/resource_volume_group.go:491.41,493.3 1 0
terraform-provider-powerstore/powerstore/resource_volume_group.go:501.130,502.27 1 0
terraform-provider-powerstore/powerstore/resource_volume_group.go:505.2,509.33 4 0
terraform-provider-powerstore/powerstore/resource_volume_group.go:513.2,514.43 2 0
terraform-provider-powerstore/powerstore/resource_volume_group.go:533.2,533.51 1 0
terraform-provider-powerstore/powerstore/resource_volume_group.go:545.2,547.33 3 0
terraform-provider-powerstore/powerstore/resource_volume_group.go:502.27,504.3 1 0
terraform-provider-powerstore/powerstore/resource_volume_group.go:509.33,511.3 1 0
terraform-provider-powerstore/powerstore/resource_volume_group.go:514.43,515.58 1 0
terraform-provider-powerstore/powerstore/resource_volume_group.go:526.3,527.39 2 0
terraform-provider-powerstore/powerstore/resource_volume_group.go:530.3,530.67 1 0
terraform-provider-powerstore/powerstore/resource_volume_group.go:515.58,517.18 2 0
terraform-provider-powerstore/powerstore/resource_volume_group.go:524.4,524.64 1 0
terraform-provider-powerstore/powerstore/resource_volume_group.go:517.18,523.5 2 0
terraform-provider-powerstore/powerstore/resource_volume_group.go:527.39,529.4 1 0
terraform-provider-powerstore/powerstore/resource_volume_group.go:533.51,535.17 2 0
terraform-provider-powerstore/powerstore/resource_volume_group.go:542.3,542.57 1 0
terraform-provider-powerstore/powerstore/resource_volume_group.go:535.17,541.4 2 0
terraform-provider-powerstore/powerstore/resource_volume_group.go:547.33,549.3 1 0
terraform-provider-powerstore/powerstore/datasource_protection_policy.go:33.60,35.2 1 1
terraform-provider-powerstore/powerstore/datasource_protection_policy.go:37.133,39.2 1 1
terraform-provider-powerstore/powerstore/datasource_protection_policy.go:41.125,283.2 1 1
terraform-provider-powerstore/powerstore/datasource_protection_policy.go:285.133,286.29 1 0
terraform-provider-powerstore/powerstore/datasource_protection_policy.go:289.2,289.46 1 0
terraform-provider-powerstore/powerstore/datasource_protection_policy.go:286.29,288.3 1 0
terraform-provider-powerstore/powerstore/datasource_protection_policy.go:292.123,300.33 7 0
terraform-provider-powerstore/powerstore/datasource_protection_policy.go:305.2,305.36 1 0
terraform-provider-powerstore/powerstore/datasource_protection_policy.go:316.2,316.16 1 0
terraform-provider-powerstore/powerstore/datasource_protection_policy.go:324.2,325.16 2 0
terraform-provider-powerstore/powerstore/datasource_protection_policy.go:332.2,335.33 4 0
terraform-provider-powerstore/powerstore/datasource_protection_policy.go:300.33,302.3 1 0
terraform-provider-powerstore/powerstore/datasource_protection_policy.go:305.36,308.3 2 0
terraform-provider-powerstore/powerstore/datasource_protection_policy.go:308.8,308.41 1 0
terraform-provider-powerstore/powerstore/datasource_protection_policy.go:308.41,311.3 2 0
terraform-provider-powerstore/powerstore/datasource_protection_policy.go:311.8,313.3 1 0
terraform-provider-powerstore/powerstore/datasource_protection_policy.go:316.16,322.3 2 0
terraform-provider-powerstore/powerstore/datasource_protection_policy.go:325.16,331.3 2 0
terraform-provider-powerstore/powerstore/datasource_protection_policy.go:335.33,337.3 1 0
terraform-provider-powerstore/powerstore/datasource_protection_policy.go:341.142,342.39 1 0
terraform-provider-powerstore/powerstore/datasource_protection_policy.go:412.2,412.22 1 0
terraform-provider-powerstore/powerstore/datasource_protection_policy.go:342.39,356.54 2 0
terraform-provider-powerstore/powerstore/datasource_protection_policy.go:364.3,364.46 1 0
terraform-provider-powerstore/powerstore/datasource_protection_policy.go:372.3,372.51 1 0
terraform-provider-powerstore/powerstore/datasource_protection_policy.go:380.3,380.54 1 0
terraform-provider-powerstore/powerstore/datasource_protection_policy.go:388.3,388.64 1 0
terraform-provider-powerstore/powerstore/datasource_protection_policy.go:396.3,396.58 1 0
terraform-provider-powerstore/powerstore/datasource_protection_policy.go:403.3,403.64 1 0
terraform-provider-powerstore/powerstore/datasource_protection_policy.go:410.3,410.43 1 0
terraform-provider-powerstore/powerstore/datasource_protection_policy.go:356.54,362.4 1 0
terraform-provider-powerstore/powerstore/datasource_protection_policy.go:364.46,370.4 1 0
terraform-provider-powerstore/powerstore/datasource_protection_policy.go:372.51,378.4 1 0
terraform-provider-powerstore/powerstore/datasource_protection_policy.go:380.54,386.4 1 0
terraform-provider-powerstore/powerstore/datasource_protection_policy.go:388.64,394.4 1 0
terraform-provider-powerstore/powerstore/datasource_protection_policy.go:396.58,401.4 1 0
terraform-provider-powerstore/powerstore/datasource_protection_policy.go:403.64,408.4 1 0
terraform-provider-powerstore/powerstore/datasource_snapshotrule.go:23.56,25.2 1 1
terraform-provider-powerstore/powerstore/datasource_snapshotrule.go:37.129,39.2 1 1
terraform-provider-powerstore/powerstore/datasource_snapshotrule.go:41.121,186.2 1 1
terraform-provider-powerstore/powerstore/datasource_snapshotrule.go:188.129,189.29 1 0
terraform-provider-powerstore/powerstore/datasource_snapshotrule.go:192.2,192.46 1 0
terraform-provider-powerstore/powerstore/datasource_snapshotrule.go:189.29,191.3 1 0
terraform-provider-powerstore/powerstore/datasource_snapshotrule.go:195.119,203.33 7 0
terraform-provider-powerstore/powerstore/datasource_snapshotrule.go:207.2,207.36 1 0
terraform-provider-powerstore/powerstore/datasource_snapshotrule.go:217.2,217.16 1 0
terraform-provider-powerstore/powerstore/datasource_snapshotrule.go:225.2,226.16 2 0
terraform-provider-powerstore/powerstore/datasource_snapshotrule.go:233.2,236.33 4 0
terraform-provider-powerstore/powerstore/datasource_snapshotrule.go:203.33,205.3 1 0
terraform-provider-powerstore/powerstore/datasource_snapshotrule.go:207.36,210.3 2 0
terraform-provider-powerstore/powerstore/datasource_snapshotrule.go:210.8,210.41 1 0
terraform-provider-powerstore/powerstore/datasource_snapshotrule.go:210.41,213.3 2 0
terraform-provider-powerstore/powerstore/datasource_snapshotrule.go:213.8,215.3 1 0
terraform-provider-powerstore/powerstore/datasource_snapshotrule.go:217.16,223.3 2 0
terraform-provider-powerstore/powerstore/datasource_snapshotrule.go:226.16,232.3 2 0
terraform-provider-powerstore/powerstore/datasource_snapshotrule.go:236.33,238.3 1 0
terraform-provider-powerstore/powerstore/datasource_snapshotrule.go:242.127,243.50 1 0
terraform-provider-powerstore/powerstore/datasource_snapshotrule.go:281.2,281.22 1 0
terraform-provider-powerstore/powerstore/datasource_snapshotrule.go:243.50,245.52 2 0
terraform-provider-powerstore/powerstore/datasource_snapshotrule.go:248.3,249.57 2 0
terraform-provider-powerstore/powerstore/datasource_snapshotrule.go:252.3,271.53 4 0
terraform-provider-powerstore/powerstore/datasource_snapshotrule.go:279.3,279.49 1 0
terraform-provider-powerstore/powerstore/datasource_snapshotrule.go:245.52,247.4 1 0
terraform-provider-powerstore/powerstore/datasource_snapshotrule.go:249.57,251.4 1 0
terraform-provider-powerstore/powerstore/datasource_snapshotrule.go:271.53,277.4 1 0
terraform-provider-powerstore/powerstore/datasource_volume_group.go:34.55,36.2 1 1
terraform-provider-powerstore/powerstore/datasource_volume_group.go:38.128,40.2 1 1
terraform-provider-powerstore/powerstore/datasource_volume_group.go:42.120,211.2 1 1
terraform-provider-powerstore/powerstore/datasource_volume_group.go:213.128,214.29 1 0
terraform-provider-powerstore/powerstore/datasource_volume_group.go:217.2,217.46 1 0
terraform-provider-powerstore/powerstore/datasource_volume_group.go:214.29,216.3 1 0
terraform-provider-powerstore/powerstore/datasource_volume_group.go:220.118,228.33 7 0
terraform-provider-powerstore/powerstore/datasource_volume_group.go:233.2,233.36 1 0
terraform-provider-powerstore/powerstore/datasource_volume_group.go:244.2,244.16 1 0
terraform-provider-powerstore/powerstore/datasource_volume_group.go:252.2,253.16 2 0
terraform-provider-powerstore/powerstore/datasource_volume_group.go:260.2,263.33 4 0
terraform-provider-powerstore/powerstore/datasource_volume_group.go:228.33,230.3 1 0
terraform-provider-powerstore/powerstore/datasource_volume_group.go:233.36,236.3 2 0
terraform-provider-powerstore/powerstore/datasource_volume_group.go:236.8,236.41 1 0
terraform-provider-powerstore/powerstore/datasource_volume_group.go:236.41,239.3 2 0
terraform-provider-powerstore/powerstore/datasource_volume_group.go:239.8,241.3 1 0
terraform-provider-powerstore/powerstore/datasource_volume_group.go:244.16,250.3 2 0
terraform-provider-powerstore/powerstore/datasource_volume_group.go:253.16,259.3 2 0
terraform-provider-powerstore/powerstore/datasource_volume_group.go:263.33,265.3 1 0
terraform-provider-powerstore/powerstore/datasource_volume_group.go:269.138,270.48 1 0
terraform-provider-powerstore/powerstore/datasource_volume_group.go:318.2,318.22 1 0
terraform-provider-powerstore/powerstore/datasource_volume_group.go:270.48,302.60 2 0
terraform-provider-powerstore/powerstore/datasource_volume_group.go:309.3,309.51 1 0
terraform-provider-powerstore/powerstore/datasource_volume_group.go:316.3,316.48 1 0
terraform-provider-powerstore/powerstore/datasource_volume_group.go:302.60,307.4 1 0
terraform-provider-powerstore/powerstore/datasource_volume_group.go:309.51,315.4 1 0
terraform-provider-powerstore/powerstore/resource_snapshotrule.go:26.50,28.2 1 1
terraform-provider-powerstore/powerstore/resource_snapshotrule.go:35.125,37.2 1 1
terraform-provider-powerstore/powerstore/resource_snapshotrule.go:40.119,306.2 1 1
terraform-provider-powerstore/powerstore/resource_snapshotrule.go:309.128,311.29 1 0
terraform-provider-powerstore/powerstore/resource_snapshotrule.go:315.2,317.9 2 0
terraform-provider-powerstore/powerstore/resource_snapshotrule.go:326.2,326.19 1 0
terraform-provider-powerstore/powerstore/resource_snapshotrule.go:311.29,313.3 1 0
terraform-provider-powerstore/powerstore/resource_snapshotrule.go:317.9,324.3 2 0
terraform-provider-powerstore/powerstore/resource_snapshotrule.go:330.119,337.33 5 0
terraform-provider-powerstore/powerstore/resource_snapshotrule.go:341.2,348.16 4 0
terraform-provider-powerstore/powerstore/resource_snapshotrule.go:356.2,360.16 3 0
terraform-provider-powerstore/powerstore/resource_snapshotrule.go:368.2,373.33 5 0
terraform-provider-powerstore/powerstore/resource_snapshotrule.go:376.2,376.45 1 0
terraform-provider-powerstore/powerstore/resource_snapshotrule.go:337.33,339.3 1 0
terraform-provider-powerstore/powerstore/resource_snapshotrule.go:348.16,354.3 2 0
terraform-provider-powerstore/powerstore/resource_snapshotrule.go:360.16,366.3 2 0
terraform-provider-powerstore/powerstore/resource_snapshotrule.go:373.33,375.3 1 0
terraform-provider-powerstore/powerstore/resource_snapshotrule.go:380.113,385.33 4 0
terraform-provider-powerstore/powerstore/resource_snapshotrule.go:390.2,396.16 3 0
terraform-provider-powerstore/powerstore/resource_snapshotrule.go:405.2,410.33 4 0
terraform-provider-powerstore/powerstore/resource_snapshotrule.go:414.2,414.30 1 0
terraform-provider-powerstore/powerstore/resource_snapshotrule.go:385.33,387.3 1 0
terraform-provider-powerstore/powerstore/resource_snapshotrule.go:396.16,402.3 2 0
terraform-provider-powerstore/powerstore/resource_snapshotrule.go:410.33,412.3 1 0
terraform-provider-powerstore/powerstore/resource_snapshotrule.go:418.119,426.33 5 0
terraform-provider-powerstore/powerstore/resource_snapshotrule.go:431.2,434.33 4 0
terraform-provider-powerstore/powerstore/resource_snapshotrule.go:438.2,445.16 4 0
terraform-provider-powerstore/powerstore/resource_snapshotrule.go:454.2,455.16 2 0
terraform-provider-powerstore/powerstore/resource_snapshotrule.go:463.2,467.33 4 0
terraform-provider-powerstore/powerstore/resource_snapshotrule.go:471.2,471.45 1 0
terraform-provider-powerstore/powerstore/resource_snapshotrule.go:426.33,428.3 1 0
terraform-provider-powerstore/powerstore/resource_snapshotrule.go:434.33,436.3 1 0
terraform-provider-powerstore/powerstore/resource_snapshotrule.go:445.16,451.3 2 0
terraform-provider-powerstore/powerstore/resource_snapshotrule.go:455.16,461.3 2 0
terraform-provider-powerstore/powerstore/resource_snapshotrule.go:467.33,469.3 1 0
terraform-provider-powerstore/powerstore/resource_snapshotrule.go:475.119,482.33 5 0
terraform-provider-powerstore/powerstore/resource_snapshotrule.go:487.2,491.67 3 0
terraform-provider-powerstore/powerstore/resource_snapshotrule.go:496.2,497.16 2 0
terraform-provider-powerstore/powerstore/resource_snapshotrule.go:508.2,508.32 1 0
terraform-provider-powerstore/powerstore/resource_snapshotrule.go:482.33,484.3 1 0
terraform-provider-powerstore/powerstore/resource_snapshotrule.go:491.67,493.3 1 0
terraform-provider-powerstore/powerstore/resource_snapshotrule.go:497.16,503.3 2 0
terraform-provider-powerstore/powerstore/resource_snapshotrule.go:512.134,515.2 1 0
terraform-provider-powerstore/powerstore/resource_snapshotrule.go:517.136,527.54 5 0
terraform-provider-powerstore/powerstore/resource_snapshotrule.go:533.2,533.34 1 0
terraform-provider-powerstore/powerstore/resource_snapshotrule.go:569.2,570.42 2 0
terraform-provider-powerstore/powerstore/resource_snapshotrule.go:574.2,581.32 6 0
terraform-provider-powerstore/powerstore/resource_snapshotrule.go:527.54,529.3 1 0
terraform-provider-powerstore/powerstore/resource_snapshotrule.go:533.34,537.3 3 0
terraform-provider-powerstore/powerstore/resource_snapshotrule.go:537.8,545.77 1 0
terraform-provider-powerstore/powerstore/resource_snapshotrule.go:552.3,554.82 1 0
terraform-provider-powerstore/powerstore/resource_snapshotrule.go:562.3,562.64 1 0
terraform-provider-powerstore/powerstore/resource_snapshotrule.go:545.77,547.4 1 0
terraform-provider-powerstore/powerstore/resource_snapshotrule.go:547.9,549.4 1 0
terraform-provider-powerstore/powerstore/resource_snapshotrule.go:554.82,556.4 1 0
terraform-provider-powerstore/powerstore/resource_snapshotrule.go:556.9,558.4 1 0
terraform-provider-powerstore/powerstore/resource_snapshotrule.go:562.64,564.4 1 0
terraform-provider-powerstore/powerstore/resource_snapshotrule.go:564.9,566.4 1 0
terraform-provider-powerstore/powerstore/resource_snapshotrule.go:570.42,572.3 1 0
terraform-provider-powerstore/powerstore/resource_snapshotrule.go:581.32,585.3 1 0
terraform-provider-powerstore/powerstore/resource_snapshotrule.go:591.103,602.41 2 0
terraform-provider-powerstore/powerstore/resource_snapshotrule.go:615.2,615.27 1 0
terraform-provider-powerstore/powerstore/resource_snapshotrule.go:602.41,605.48 2 0
terraform-provider-powerstore/powerstore/resource_snapshotrule.go:605.48,612.4 1 0
