mode: set
terraform-provider-powerstore/powerstore/datasource_filesystem.go:42.54,44.2 1 0
terraform-provider-powerstore/powerstore/datasource_filesystem.go:52.127,54.2 1 0
terraform-provider-powerstore/powerstore/datasource_filesystem.go:57.119,106.2 1 0
terraform-provider-powerstore/powerstore/datasource_filesystem.go:109.127,110.29 1 0
terraform-provider-powerstore/powerstore/datasource_filesystem.go:110.29,112.3 1 0
terraform-provider-powerstore/powerstore/datasource_filesystem.go:113.2,113.46 1 0
terraform-provider-powerstore/powerstore/datasource_filesystem.go:117.117,125.33 7 0
terraform-provider-powerstore/powerstore/datasource_filesystem.go:125.33,127.3 1 0
terraform-provider-powerstore/powerstore/datasource_filesystem.go:128.2,132.35 3 0
terraform-provider-powerstore/powerstore/datasource_filesystem.go:132.35,134.3 1 0
terraform-provider-powerstore/powerstore/datasource_filesystem.go:134.8,134.40 1 0
terraform-provider-powerstore/powerstore/datasource_filesystem.go:134.40,136.17 2 0
terraform-provider-powerstore/powerstore/datasource_filesystem.go:136.17,142.4 2 0
terraform-provider-powerstore/powerstore/datasource_filesystem.go:143.3,143.48 1 0
terraform-provider-powerstore/powerstore/datasource_filesystem.go:144.8,144.49 1 0
terraform-provider-powerstore/powerstore/datasource_filesystem.go:144.49,146.3 1 0
terraform-provider-powerstore/powerstore/datasource_filesystem.go:146.8,146.45 1 0
terraform-provider-powerstore/powerstore/datasource_filesystem.go:146.45,148.17 2 0
terraform-provider-powerstore/powerstore/datasource_filesystem.go:148.17,155.4 2 0
terraform-provider-powerstore/powerstore/datasource_filesystem.go:156.3,157.41 2 0
terraform-provider-powerstore/powerstore/datasource_filesystem.go:157.41,159.4 1 0
terraform-provider-powerstore/powerstore/datasource_filesystem.go:162.2,162.33 1 0
terraform-provider-powerstore/powerstore/datasource_filesystem.go:162.33,164.17 2 0
terraform-provider-powerstore/powerstore/datasource_filesystem.go:164.17,170.4 2 0
terraform-provider-powerstore/powerstore/datasource_filesystem.go:173.2,177.33 5 0
terraform-provider-powerstore/powerstore/datasource_filesystem.go:177.33,179.3 1 0
terraform-provider-powerstore/powerstore/datasource_filesystem.go:182.53,183.50 1 0
terraform-provider-powerstore/powerstore/datasource_filesystem.go:183.50,185.3 1 0
terraform-provider-powerstore/powerstore/datasource_filesystem.go:186.2,186.12 1 0
terraform-provider-powerstore/powerstore/datasource_filesystem_helper.go:28.108,29.41 1 0
terraform-provider-powerstore/powerstore/datasource_filesystem_helper.go:29.41,31.3 1 0
terraform-provider-powerstore/powerstore/datasource_filesystem_helper.go:32.2,32.17 1 0
terraform-provider-powerstore/powerstore/datasource_filesystem_helper.go:36.79,84.2 1 0
terraform-provider-powerstore/powerstore/datasource_filesystem_schema.go:23.63,197.2 1 0
terraform-provider-powerstore/powerstore/datasource_filesystem_schema.go:200.55,253.2 1 0
terraform-provider-powerstore/powerstore/datasource_filesystem_snapshot.go:42.62,44.2 1 0
terraform-provider-powerstore/powerstore/datasource_filesystem_snapshot.go:52.135,54.2 1 0
terraform-provider-powerstore/powerstore/datasource_filesystem_snapshot.go:57.127,119.2 1 0
terraform-provider-powerstore/powerstore/datasource_filesystem_snapshot.go:122.135,123.29 1 0
terraform-provider-powerstore/powerstore/datasource_filesystem_snapshot.go:123.29,125.3 1 0
terraform-provider-powerstore/powerstore/datasource_filesystem_snapshot.go:126.2,126.46 1 0
terraform-provider-powerstore/powerstore/datasource_filesystem_snapshot.go:130.125,138.33 7 0
terraform-provider-powerstore/powerstore/datasource_filesystem_snapshot.go:138.33,140.3 1 0
terraform-provider-powerstore/powerstore/datasource_filesystem_snapshot.go:142.2,142.34 1 0
terraform-provider-powerstore/powerstore/datasource_filesystem_snapshot.go:142.34,144.17 2 0
terraform-provider-powerstore/powerstore/datasource_filesystem_snapshot.go:144.17,150.4 2 0
terraform-provider-powerstore/powerstore/datasource_filesystem_snapshot.go:151.3,151.72 1 0
terraform-provider-powerstore/powerstore/datasource_filesystem_snapshot.go:152.8,152.46 1 0
terraform-provider-powerstore/powerstore/datasource_filesystem_snapshot.go:152.46,155.17 2 0
terraform-provider-powerstore/powerstore/datasource_filesystem_snapshot.go:155.17,162.4 2 0
terraform-provider-powerstore/powerstore/datasource_filesystem_snapshot.go:163.3,164.41 2 0
terraform-provider-powerstore/powerstore/datasource_filesystem_snapshot.go:164.41,166.4 1 0
terraform-provider-powerstore/powerstore/datasource_filesystem_snapshot.go:167.3,168.17 2 0
terraform-provider-powerstore/powerstore/datasource_filesystem_snapshot.go:168.17,174.4 2 0
terraform-provider-powerstore/powerstore/datasource_filesystem_snapshot.go:176.8,180.37 3 0
terraform-provider-powerstore/powerstore/datasource_filesystem_snapshot.go:180.37,182.4 1 0
terraform-provider-powerstore/powerstore/datasource_filesystem_snapshot.go:183.3,183.45 1 0
terraform-provider-powerstore/powerstore/datasource_filesystem_snapshot.go:183.45,185.4 1 0
terraform-provider-powerstore/powerstore/datasource_filesystem_snapshot.go:186.3,186.44 1 0
terraform-provider-powerstore/powerstore/datasource_filesystem_snapshot.go:186.44,188.4 1 0
terraform-provider-powerstore/powerstore/datasource_filesystem_snapshot.go:189.3,191.17 3 0
terraform-provider-powerstore/powerstore/datasource_filesystem_snapshot.go:191.17,197.4 2 0
terraform-provider-powerstore/powerstore/datasource_filesystem_snapshot.go:200.2,204.33 5 0
terraform-provider-powerstore/powerstore/datasource_filesystem_snapshot.go:204.33,206.3 1 0
terraform-provider-powerstore/powerstore/datasource_host.go:42.48,44.2 1 0
terraform-provider-powerstore/powerstore/datasource_host.go:57.121,59.2 1 0
terraform-provider-powerstore/powerstore/datasource_host.go:61.113,258.2 1 0
terraform-provider-powerstore/powerstore/datasource_host.go:260.121,261.29 1 0
terraform-provider-powerstore/powerstore/datasource_host.go:261.29,263.3 1 0
terraform-provider-powerstore/powerstore/datasource_host.go:264.2,264.46 1 0
terraform-provider-powerstore/powerstore/datasource_host.go:267.111,275.33 7 0
terraform-provider-powerstore/powerstore/datasource_host.go:275.33,277.3 1 0
terraform-provider-powerstore/powerstore/datasource_host.go:280.2,280.36 1 0
terraform-provider-powerstore/powerstore/datasource_host.go:280.36,283.3 2 0
terraform-provider-powerstore/powerstore/datasource_host.go:283.8,283.41 1 0
terraform-provider-powerstore/powerstore/datasource_host.go:283.41,286.3 2 0
terraform-provider-powerstore/powerstore/datasource_host.go:286.8,286.46 1 0
terraform-provider-powerstore/powerstore/datasource_host.go:286.46,289.3 2 0
terraform-provider-powerstore/powerstore/datasource_host.go:289.8,291.3 1 0
terraform-provider-powerstore/powerstore/datasource_host.go:293.2,293.16 1 0
terraform-provider-powerstore/powerstore/datasource_host.go:293.16,299.3 2 0
terraform-provider-powerstore/powerstore/datasource_host.go:302.2,303.16 2 0
terraform-provider-powerstore/powerstore/datasource_host.go:303.16,309.3 2 0
terraform-provider-powerstore/powerstore/datasource_host.go:311.2,314.33 4 0
terraform-provider-powerstore/powerstore/datasource_host.go:314.33,316.3 1 0
terraform-provider-powerstore/powerstore/datasource_host.go:320.95,321.34 1 0
terraform-provider-powerstore/powerstore/datasource_host.go:321.34,339.52 2 0
terraform-provider-powerstore/powerstore/datasource_host.go:339.52,345.4 1 0
terraform-provider-powerstore/powerstore/datasource_host.go:347.3,347.81 1 0
terraform-provider-powerstore/powerstore/datasource_host.go:347.81,353.4 1 0
terraform-provider-powerstore/powerstore/datasource_host.go:355.3,355.55 1 0
terraform-provider-powerstore/powerstore/datasource_host.go:355.55,360.4 1 0
terraform-provider-powerstore/powerstore/datasource_host.go:362.3,362.51 1 0
terraform-provider-powerstore/powerstore/datasource_host.go:362.51,369.4 1 0
terraform-provider-powerstore/powerstore/datasource_host.go:370.3,370.41 1 0
terraform-provider-powerstore/powerstore/datasource_host.go:372.2,372.22 1 0
terraform-provider-powerstore/powerstore/datasource_host_group.go:52.53,54.2 1 0
terraform-provider-powerstore/powerstore/datasource_host_group.go:56.126,58.2 1 0
terraform-provider-powerstore/powerstore/datasource_host_group.go:60.118,209.2 1 0
terraform-provider-powerstore/powerstore/datasource_host_group.go:211.126,212.29 1 0
terraform-provider-powerstore/powerstore/datasource_host_group.go:212.29,214.3 1 0
terraform-provider-powerstore/powerstore/datasource_host_group.go:215.2,215.46 1 0
terraform-provider-powerstore/powerstore/datasource_host_group.go:218.116,226.33 7 0
terraform-provider-powerstore/powerstore/datasource_host_group.go:226.33,228.3 1 0
terraform-provider-powerstore/powerstore/datasource_host_group.go:231.2,231.36 1 0
terraform-provider-powerstore/powerstore/datasource_host_group.go:231.36,234.3 2 0
terraform-provider-powerstore/powerstore/datasource_host_group.go:234.8,234.41 1 0
terraform-provider-powerstore/powerstore/datasource_host_group.go:234.41,237.3 2 0
terraform-provider-powerstore/powerstore/datasource_host_group.go:237.8,237.46 1 0
terraform-provider-powerstore/powerstore/datasource_host_group.go:237.46,240.3 2 0
terraform-provider-powerstore/powerstore/datasource_host_group.go:240.8,242.3 1 0
terraform-provider-powerstore/powerstore/datasource_host_group.go:245.2,245.16 1 0
terraform-provider-powerstore/powerstore/datasource_host_group.go:245.16,251.3 2 0
terraform-provider-powerstore/powerstore/datasource_host_group.go:253.2,254.16 2 0
terraform-provider-powerstore/powerstore/datasource_host_group.go:254.16,260.3 2 0
terraform-provider-powerstore/powerstore/datasource_host_group.go:261.2,264.33 4 0
terraform-provider-powerstore/powerstore/datasource_host_group.go:264.33,266.3 1 0
terraform-provider-powerstore/powerstore/datasource_host_group.go:270.133,271.44 1 0
terraform-provider-powerstore/powerstore/datasource_host_group.go:271.44,280.45 2 0
terraform-provider-powerstore/powerstore/datasource_host_group.go:280.45,286.4 1 0
terraform-provider-powerstore/powerstore/datasource_host_group.go:288.3,288.67 1 0
terraform-provider-powerstore/powerstore/datasource_host_group.go:288.67,295.4 1 0
terraform-provider-powerstore/powerstore/datasource_host_group.go:297.3,297.85 1 0
terraform-provider-powerstore/powerstore/datasource_host_group.go:297.85,304.4 1 0
terraform-provider-powerstore/powerstore/datasource_host_group.go:306.3,306.46 1 0
terraform-provider-powerstore/powerstore/datasource_host_group.go:308.2,308.22 1 0
terraform-provider-powerstore/powerstore/datasource_nas_server.go:40.53,42.2 1 0
terraform-provider-powerstore/powerstore/datasource_nas_server.go:50.126,52.2 1 0
terraform-provider-powerstore/powerstore/datasource_nas_server.go:55.118,97.2 1 0
terraform-provider-powerstore/powerstore/datasource_nas_server.go:100.131,101.29 1 0
terraform-provider-powerstore/powerstore/datasource_nas_server.go:101.29,103.3 1 0
terraform-provider-powerstore/powerstore/datasource_nas_server.go:104.2,104.46 1 0
terraform-provider-powerstore/powerstore/datasource_nas_server.go:108.116,116.33 7 0
terraform-provider-powerstore/powerstore/datasource_nas_server.go:116.33,118.3 1 0
terraform-provider-powerstore/powerstore/datasource_nas_server.go:121.2,121.33 1 0
terraform-provider-powerstore/powerstore/datasource_nas_server.go:121.33,124.3 2 0
terraform-provider-powerstore/powerstore/datasource_nas_server.go:124.8,124.42 1 0
terraform-provider-powerstore/powerstore/datasource_nas_server.go:124.42,127.3 2 0
terraform-provider-powerstore/powerstore/datasource_nas_server.go:127.8,127.45 1 0
terraform-provider-powerstore/powerstore/datasource_nas_server.go:127.45,130.3 2 0
terraform-provider-powerstore/powerstore/datasource_nas_server.go:130.8,132.3 1 0
terraform-provider-powerstore/powerstore/datasource_nas_server.go:134.2,134.16 1 0
terraform-provider-powerstore/powerstore/datasource_nas_server.go:134.16,140.3 2 0
terraform-provider-powerstore/powerstore/datasource_nas_server.go:142.2,146.33 5 0
terraform-provider-powerstore/powerstore/datasource_nas_server.go:146.33,148.3 1 0
terraform-provider-powerstore/powerstore/datasource_nas_server_helper.go:28.98,29.39 1 0
terraform-provider-powerstore/powerstore/datasource_nas_server_helper.go:29.39,31.3 1 0
terraform-provider-powerstore/powerstore/datasource_nas_server_helper.go:32.2,32.17 1 0
terraform-provider-powerstore/powerstore/datasource_nas_server_helper.go:36.70,64.2 1 0
terraform-provider-powerstore/powerstore/datasource_nas_server_schema.go:25.62,153.2 1 0
terraform-provider-powerstore/powerstore/datasource_nfs_export.go:38.53,40.2 1 0
terraform-provider-powerstore/powerstore/datasource_nfs_export.go:47.128,49.2 1 0
terraform-provider-powerstore/powerstore/datasource_nfs_export.go:52.122,110.2 1 0
terraform-provider-powerstore/powerstore/datasource_nfs_export.go:113.79,201.2 1 0
terraform-provider-powerstore/powerstore/datasource_nfs_export.go:204.131,206.29 1 0
terraform-provider-powerstore/powerstore/datasource_nfs_export.go:206.29,208.3 1 0
terraform-provider-powerstore/powerstore/datasource_nfs_export.go:210.2,212.9 2 0
terraform-provider-powerstore/powerstore/datasource_nfs_export.go:212.9,219.3 2 0
terraform-provider-powerstore/powerstore/datasource_nfs_export.go:221.2,221.19 1 0
terraform-provider-powerstore/powerstore/datasource_nfs_export.go:225.116,230.33 4 0
terraform-provider-powerstore/powerstore/datasource_nfs_export.go:230.33,232.3 1 0
terraform-provider-powerstore/powerstore/datasource_nfs_export.go:234.2,236.47 2 0
terraform-provider-powerstore/powerstore/datasource_nfs_export.go:236.47,241.17 3 0
terraform-provider-powerstore/powerstore/datasource_nfs_export.go:241.17,247.4 2 0
terraform-provider-powerstore/powerstore/datasource_nfs_export.go:249.3,249.53 1 0
terraform-provider-powerstore/powerstore/datasource_nfs_export.go:250.8,252.29 2 0
terraform-provider-powerstore/powerstore/datasource_nfs_export.go:252.29,254.4 1 0
terraform-provider-powerstore/powerstore/datasource_nfs_export.go:255.3,255.26 1 0
terraform-provider-powerstore/powerstore/datasource_nfs_export.go:255.26,257.4 1 0
terraform-provider-powerstore/powerstore/datasource_nfs_export.go:258.3,258.34 1 0
terraform-provider-powerstore/powerstore/datasource_nfs_export.go:258.34,260.4 1 0
terraform-provider-powerstore/powerstore/datasource_nfs_export.go:262.3,263.17 2 0
terraform-provider-powerstore/powerstore/datasource_nfs_export.go:263.17,269.4 2 0
terraform-provider-powerstore/powerstore/datasource_nfs_export.go:270.3,271.42 2 0
terraform-provider-powerstore/powerstore/datasource_nfs_export.go:275.2,276.35 2 0
terraform-provider-powerstore/powerstore/datasource_nfs_export.go:280.116,288.34 2 0
terraform-provider-powerstore/powerstore/datasource_nfs_export.go:288.34,290.3 1 0
terraform-provider-powerstore/powerstore/datasource_nfs_export.go:291.2,291.13 1 0
terraform-provider-powerstore/powerstore/datasource_nfs_export.go:295.97,314.2 1 0
terraform-provider-powerstore/powerstore/datasource_nfs_export.go:316.59,318.20 2 0
terraform-provider-powerstore/powerstore/datasource_nfs_export.go:318.20,320.3 1 0
terraform-provider-powerstore/powerstore/datasource_nfs_export.go:321.2,321.12 1 0
terraform-provider-powerstore/powerstore/datasource_protection_policy.go:52.60,54.2 1 0
terraform-provider-powerstore/powerstore/datasource_protection_policy.go:56.133,58.2 1 0
terraform-provider-powerstore/powerstore/datasource_protection_policy.go:60.125,311.2 1 0
terraform-provider-powerstore/powerstore/datasource_protection_policy.go:313.133,314.29 1 0
terraform-provider-powerstore/powerstore/datasource_protection_policy.go:314.29,316.3 1 0
terraform-provider-powerstore/powerstore/datasource_protection_policy.go:317.2,317.46 1 0
terraform-provider-powerstore/powerstore/datasource_protection_policy.go:320.123,328.33 7 0
terraform-provider-powerstore/powerstore/datasource_protection_policy.go:328.33,330.3 1 0
terraform-provider-powerstore/powerstore/datasource_protection_policy.go:333.2,333.36 1 0
terraform-provider-powerstore/powerstore/datasource_protection_policy.go:333.36,336.3 2 0
terraform-provider-powerstore/powerstore/datasource_protection_policy.go:336.8,336.41 1 0
terraform-provider-powerstore/powerstore/datasource_protection_policy.go:336.41,339.3 2 0
terraform-provider-powerstore/powerstore/datasource_protection_policy.go:339.8,339.46 1 0
terraform-provider-powerstore/powerstore/datasource_protection_policy.go:339.46,342.3 2 0
terraform-provider-powerstore/powerstore/datasource_protection_policy.go:342.8,344.3 1 0
terraform-provider-powerstore/powerstore/datasource_protection_policy.go:347.2,347.16 1 0
terraform-provider-powerstore/powerstore/datasource_protection_policy.go:347.16,353.3 2 0
terraform-provider-powerstore/powerstore/datasource_protection_policy.go:355.2,356.16 2 0
terraform-provider-powerstore/powerstore/datasource_protection_policy.go:356.16,362.3 2 0
terraform-provider-powerstore/powerstore/datasource_protection_policy.go:363.2,366.33 4 0
terraform-provider-powerstore/powerstore/datasource_protection_policy.go:366.33,368.3 1 0
terraform-provider-powerstore/powerstore/datasource_protection_policy.go:372.142,373.39 1 0
terraform-provider-powerstore/powerstore/datasource_protection_policy.go:373.39,387.54 2 0
terraform-provider-powerstore/powerstore/datasource_protection_policy.go:387.54,393.4 1 0
terraform-provider-powerstore/powerstore/datasource_protection_policy.go:395.3,395.46 1 0
terraform-provider-powerstore/powerstore/datasource_protection_policy.go:395.46,401.4 1 0
terraform-provider-powerstore/powerstore/datasource_protection_policy.go:403.3,403.51 1 0
terraform-provider-powerstore/powerstore/datasource_protection_policy.go:403.51,409.4 1 0
terraform-provider-powerstore/powerstore/datasource_protection_policy.go:411.3,411.54 1 0
terraform-provider-powerstore/powerstore/datasource_protection_policy.go:411.54,417.4 1 0
terraform-provider-powerstore/powerstore/datasource_protection_policy.go:419.3,419.64 1 0
terraform-provider-powerstore/powerstore/datasource_protection_policy.go:419.64,425.4 1 0
terraform-provider-powerstore/powerstore/datasource_protection_policy.go:427.3,427.58 1 0
terraform-provider-powerstore/powerstore/datasource_protection_policy.go:427.58,432.4 1 0
terraform-provider-powerstore/powerstore/datasource_protection_policy.go:434.3,434.64 1 0
terraform-provider-powerstore/powerstore/datasource_protection_policy.go:434.64,439.4 1 0
terraform-provider-powerstore/powerstore/datasource_protection_policy.go:441.3,441.43 1 0
terraform-provider-powerstore/powerstore/datasource_protection_policy.go:443.2,443.22 1 0
terraform-provider-powerstore/powerstore/datasource_recycle_bin.go:42.54,44.2 1 0
terraform-provider-powerstore/powerstore/datasource_recycle_bin.go:50.127,52.2 1 0
terraform-provider-powerstore/powerstore/datasource_recycle_bin.go:54.119,141.2 1 0
terraform-provider-powerstore/powerstore/datasource_recycle_bin.go:143.130,144.29 1 0
terraform-provider-powerstore/powerstore/datasource_recycle_bin.go:144.29,146.3 1 0
terraform-provider-powerstore/powerstore/datasource_recycle_bin.go:147.2,148.9 2 0
terraform-provider-powerstore/powerstore/datasource_recycle_bin.go:148.9,154.3 2 0
terraform-provider-powerstore/powerstore/datasource_recycle_bin.go:155.2,155.14 1 0
terraform-provider-powerstore/powerstore/datasource_recycle_bin.go:159.106,171.2 4 0
terraform-provider-powerstore/powerstore/datasource_recycle_bin.go:174.114,187.2 4 0
terraform-provider-powerstore/powerstore/datasource_recycle_bin.go:190.141,193.28 3 0
terraform-provider-powerstore/powerstore/datasource_recycle_bin.go:193.28,195.3 1 0
terraform-provider-powerstore/powerstore/datasource_recycle_bin.go:196.2,204.20 2 0
terraform-provider-powerstore/powerstore/datasource_recycle_bin.go:207.117,214.33 6 0
terraform-provider-powerstore/powerstore/datasource_recycle_bin.go:214.33,216.3 1 0
terraform-provider-powerstore/powerstore/datasource_recycle_bin.go:218.2,218.34 1 0
terraform-provider-powerstore/powerstore/datasource_recycle_bin.go:218.34,221.20 2 0
terraform-provider-powerstore/powerstore/datasource_recycle_bin.go:221.20,227.4 2 0
terraform-provider-powerstore/powerstore/datasource_recycle_bin.go:228.3,228.30 1 0
terraform-provider-powerstore/powerstore/datasource_recycle_bin.go:229.8,229.46 1 0
terraform-provider-powerstore/powerstore/datasource_recycle_bin.go:229.46,232.3 2 0
terraform-provider-powerstore/powerstore/datasource_recycle_bin.go:232.8,232.51 1 0
terraform-provider-powerstore/powerstore/datasource_recycle_bin.go:232.51,237.3 2 0
terraform-provider-powerstore/powerstore/datasource_recycle_bin.go:237.8,239.3 1 0
terraform-provider-powerstore/powerstore/datasource_recycle_bin.go:241.2,241.16 1 0
terraform-provider-powerstore/powerstore/datasource_recycle_bin.go:241.16,247.3 2 0
terraform-provider-powerstore/powerstore/datasource_recycle_bin.go:249.2,253.35 4 0
terraform-provider-powerstore/powerstore/datasource_recycle_bin.go:257.93,259.29 2 0
terraform-provider-powerstore/powerstore/datasource_recycle_bin.go:259.29,271.3 1 0
terraform-provider-powerstore/powerstore/datasource_recycle_bin.go:272.2,272.15 1 0
terraform-provider-powerstore/powerstore/datasource_remote_system.go:37.56,39.2 1 0
terraform-provider-powerstore/powerstore/datasource_remote_system.go:46.131,48.2 1 0
terraform-provider-powerstore/powerstore/datasource_remote_system.go:51.125,97.2 1 0
terraform-provider-powerstore/powerstore/datasource_remote_system.go:100.85,149.2 1 0
terraform-provider-powerstore/powerstore/datasource_remote_system.go:152.134,154.29 1 0
terraform-provider-powerstore/powerstore/datasource_remote_system.go:154.29,156.3 1 0
terraform-provider-powerstore/powerstore/datasource_remote_system.go:158.2,160.9 2 0
terraform-provider-powerstore/powerstore/datasource_remote_system.go:160.9,167.3 2 0
terraform-provider-powerstore/powerstore/datasource_remote_system.go:169.2,169.19 1 0
terraform-provider-powerstore/powerstore/datasource_remote_system.go:173.119,178.33 4 0
terraform-provider-powerstore/powerstore/datasource_remote_system.go:178.33,180.3 1 0
terraform-provider-powerstore/powerstore/datasource_remote_system.go:182.2,184.47 2 0
terraform-provider-powerstore/powerstore/datasource_remote_system.go:184.47,189.17 3 0
terraform-provider-powerstore/powerstore/datasource_remote_system.go:189.17,195.4 2 0
terraform-provider-powerstore/powerstore/datasource_remote_system.go:197.3,198.59 2 0
terraform-provider-powerstore/powerstore/datasource_remote_system.go:199.8,199.58 1 0
terraform-provider-powerstore/powerstore/datasource_remote_system.go:199.58,201.17 2 0
terraform-provider-powerstore/powerstore/datasource_remote_system.go:201.17,207.4 2 0
terraform-provider-powerstore/powerstore/datasource_remote_system.go:208.3,209.55 2 0
terraform-provider-powerstore/powerstore/datasource_remote_system.go:210.8,212.29 2 0
terraform-provider-powerstore/powerstore/datasource_remote_system.go:212.29,214.4 1 0
terraform-provider-powerstore/powerstore/datasource_remote_system.go:216.3,217.17 2 0
terraform-provider-powerstore/powerstore/datasource_remote_system.go:217.17,223.4 2 0
terraform-provider-powerstore/powerstore/datasource_remote_system.go:224.3,225.42 2 0
terraform-provider-powerstore/powerstore/datasource_remote_system.go:229.2,230.35 2 0
terraform-provider-powerstore/powerstore/datasource_remote_system.go:234.128,241.37 2 0
terraform-provider-powerstore/powerstore/datasource_remote_system.go:241.37,243.3 1 0
terraform-provider-powerstore/powerstore/datasource_remote_system.go:244.2,244.13 1 0
terraform-provider-powerstore/powerstore/datasource_remote_system.go:248.106,260.2 1 0
terraform-provider-powerstore/powerstore/datasource_replication_rule.go:42.59,44.2 1 0
terraform-provider-powerstore/powerstore/datasource_replication_rule.go:50.132,52.2 1 0
terraform-provider-powerstore/powerstore/datasource_replication_rule.go:54.124,195.2 1 0
terraform-provider-powerstore/powerstore/datasource_replication_rule.go:197.132,198.29 1 0
terraform-provider-powerstore/powerstore/datasource_replication_rule.go:198.29,200.3 1 0
terraform-provider-powerstore/powerstore/datasource_replication_rule.go:201.2,201.46 1 0
terraform-provider-powerstore/powerstore/datasource_replication_rule.go:204.122,214.33 4 0
terraform-provider-powerstore/powerstore/datasource_replication_rule.go:214.33,216.3 1 0
terraform-provider-powerstore/powerstore/datasource_replication_rule.go:219.2,219.36 1 0
terraform-provider-powerstore/powerstore/datasource_replication_rule.go:219.36,224.3 4 0
terraform-provider-powerstore/powerstore/datasource_replication_rule.go:224.8,224.41 1 0
terraform-provider-powerstore/powerstore/datasource_replication_rule.go:224.41,227.3 2 0
terraform-provider-powerstore/powerstore/datasource_replication_rule.go:227.8,229.30 2 0
terraform-provider-powerstore/powerstore/datasource_replication_rule.go:229.30,231.4 1 0
terraform-provider-powerstore/powerstore/datasource_replication_rule.go:232.3,232.86 1 0
terraform-provider-powerstore/powerstore/datasource_replication_rule.go:236.2,236.16 1 0
terraform-provider-powerstore/powerstore/datasource_replication_rule.go:236.16,242.3 2 0
terraform-provider-powerstore/powerstore/datasource_replication_rule.go:244.2,245.23 2 0
terraform-provider-powerstore/powerstore/datasource_replication_rule.go:245.23,247.3 1 0
terraform-provider-powerstore/powerstore/datasource_replication_rule.go:248.2,250.33 3 0
terraform-provider-powerstore/powerstore/datasource_replication_rule.go:250.33,252.3 1 0
terraform-provider-powerstore/powerstore/datasource_replication_rule.go:256.128,257.56 1 0
terraform-provider-powerstore/powerstore/datasource_replication_rule.go:257.56,259.66 2 0
terraform-provider-powerstore/powerstore/datasource_replication_rule.go:259.66,264.4 1 0
terraform-provider-powerstore/powerstore/datasource_replication_rule.go:266.3,272.67 3 0
terraform-provider-powerstore/powerstore/datasource_replication_rule.go:272.67,277.4 1 0
terraform-provider-powerstore/powerstore/datasource_replication_rule.go:279.3,294.52 5 0
terraform-provider-powerstore/powerstore/datasource_replication_rule.go:296.2,296.17 1 0
terraform-provider-powerstore/powerstore/datasource_smb_share.go:37.52,39.2 1 0
terraform-provider-powerstore/powerstore/datasource_smb_share.go:46.127,48.2 1 0
terraform-provider-powerstore/powerstore/datasource_smb_share.go:51.121,110.2 1 0
terraform-provider-powerstore/powerstore/datasource_smb_share.go:113.77,192.2 1 0
terraform-provider-powerstore/powerstore/datasource_smb_share.go:195.130,197.29 1 0
terraform-provider-powerstore/powerstore/datasource_smb_share.go:197.29,199.3 1 0
terraform-provider-powerstore/powerstore/datasource_smb_share.go:201.2,203.9 2 0
terraform-provider-powerstore/powerstore/datasource_smb_share.go:203.9,210.3 2 0
terraform-provider-powerstore/powerstore/datasource_smb_share.go:212.2,212.19 1 0
terraform-provider-powerstore/powerstore/datasource_smb_share.go:216.115,221.33 4 0
terraform-provider-powerstore/powerstore/datasource_smb_share.go:221.33,223.3 1 0
terraform-provider-powerstore/powerstore/datasource_smb_share.go:225.2,227.47 2 0
terraform-provider-powerstore/powerstore/datasource_smb_share.go:227.47,232.17 3 0
terraform-provider-powerstore/powerstore/datasource_smb_share.go:232.17,238.4 2 0
terraform-provider-powerstore/powerstore/datasource_smb_share.go:240.3,241.55 2 0
terraform-provider-powerstore/powerstore/datasource_smb_share.go:242.8,242.58 1 0
terraform-provider-powerstore/powerstore/datasource_smb_share.go:242.58,244.17 2 0
terraform-provider-powerstore/powerstore/datasource_smb_share.go:244.17,250.4 2 0
terraform-provider-powerstore/powerstore/datasource_smb_share.go:251.3,252.51 2 0
terraform-provider-powerstore/powerstore/datasource_smb_share.go:253.8,255.29 2 0
terraform-provider-powerstore/powerstore/datasource_smb_share.go:255.29,257.4 1 0
terraform-provider-powerstore/powerstore/datasource_smb_share.go:258.3,258.34 1 0
terraform-provider-powerstore/powerstore/datasource_smb_share.go:258.34,260.4 1 0
terraform-provider-powerstore/powerstore/datasource_smb_share.go:262.3,263.17 2 0
terraform-provider-powerstore/powerstore/datasource_smb_share.go:263.17,269.4 2 0
terraform-provider-powerstore/powerstore/datasource_smb_share.go:270.3,271.42 2 0
terraform-provider-powerstore/powerstore/datasource_smb_share.go:275.2,276.35 2 0
terraform-provider-powerstore/powerstore/datasource_smb_share.go:280.112,288.33 2 0
terraform-provider-powerstore/powerstore/datasource_smb_share.go:288.33,290.3 1 0
terraform-provider-powerstore/powerstore/datasource_smb_share.go:291.2,291.13 1 0
terraform-provider-powerstore/powerstore/datasource_smb_share.go:295.94,310.2 1 0
terraform-provider-powerstore/powerstore/datasource_snapshotrule.go:42.56,44.2 1 0
terraform-provider-powerstore/powerstore/datasource_snapshotrule.go:57.129,59.2 1 0
terraform-provider-powerstore/powerstore/datasource_snapshotrule.go:61.121,215.2 1 0
terraform-provider-powerstore/powerstore/datasource_snapshotrule.go:217.129,218.29 1 0
terraform-provider-powerstore/powerstore/datasource_snapshotrule.go:218.29,220.3 1 0
terraform-provider-powerstore/powerstore/datasource_snapshotrule.go:221.2,221.46 1 0
terraform-provider-powerstore/powerstore/datasource_snapshotrule.go:224.119,232.33 7 0
terraform-provider-powerstore/powerstore/datasource_snapshotrule.go:232.33,234.3 1 0
terraform-provider-powerstore/powerstore/datasource_snapshotrule.go:236.2,236.36 1 0
terraform-provider-powerstore/powerstore/datasource_snapshotrule.go:236.36,239.3 2 0
terraform-provider-powerstore/powerstore/datasource_snapshotrule.go:239.8,239.41 1 0
terraform-provider-powerstore/powerstore/datasource_snapshotrule.go:239.41,242.3 2 0
terraform-provider-powerstore/powerstore/datasource_snapshotrule.go:242.8,242.46 1 0
terraform-provider-powerstore/powerstore/datasource_snapshotrule.go:242.46,245.3 2 0
terraform-provider-powerstore/powerstore/datasource_snapshotrule.go:245.8,247.3 1 0
terraform-provider-powerstore/powerstore/datasource_snapshotrule.go:249.2,249.16 1 0
terraform-provider-powerstore/powerstore/datasource_snapshotrule.go:249.16,255.3 2 0
terraform-provider-powerstore/powerstore/datasource_snapshotrule.go:257.2,258.16 2 0
terraform-provider-powerstore/powerstore/datasource_snapshotrule.go:258.16,264.3 2 0
terraform-provider-powerstore/powerstore/datasource_snapshotrule.go:265.2,268.33 4 0
terraform-provider-powerstore/powerstore/datasource_snapshotrule.go:268.33,270.3 1 0
terraform-provider-powerstore/powerstore/datasource_snapshotrule.go:274.127,275.50 1 0
terraform-provider-powerstore/powerstore/datasource_snapshotrule.go:275.50,277.52 2 0
terraform-provider-powerstore/powerstore/datasource_snapshotrule.go:277.52,279.4 1 0
terraform-provider-powerstore/powerstore/datasource_snapshotrule.go:280.3,281.56 2 0
terraform-provider-powerstore/powerstore/datasource_snapshotrule.go:281.56,283.4 1 0
terraform-provider-powerstore/powerstore/datasource_snapshotrule.go:284.3,303.53 4 0
terraform-provider-powerstore/powerstore/datasource_snapshotrule.go:303.53,309.4 1 0
terraform-provider-powerstore/powerstore/datasource_snapshotrule.go:311.3,311.49 1 0
terraform-provider-powerstore/powerstore/datasource_snapshotrule.go:313.2,313.22 1 0
terraform-provider-powerstore/powerstore/datasource_volume.go:44.50,46.2 1 0
terraform-provider-powerstore/powerstore/datasource_volume.go:59.123,61.2 1 0
terraform-provider-powerstore/powerstore/datasource_volume.go:63.115,383.2 1 0
terraform-provider-powerstore/powerstore/datasource_volume.go:385.123,386.29 1 0
terraform-provider-powerstore/powerstore/datasource_volume.go:386.29,388.3 1 0
terraform-provider-powerstore/powerstore/datasource_volume.go:389.2,389.46 1 0
terraform-provider-powerstore/powerstore/datasource_volume.go:392.113,400.33 7 0
terraform-provider-powerstore/powerstore/datasource_volume.go:400.33,402.3 1 0
terraform-provider-powerstore/powerstore/datasource_volume.go:404.2,404.36 1 0
terraform-provider-powerstore/powerstore/datasource_volume.go:404.36,407.3 2 0
terraform-provider-powerstore/powerstore/datasource_volume.go:407.8,407.41 1 0
terraform-provider-powerstore/powerstore/datasource_volume.go:407.41,410.3 2 0
terraform-provider-powerstore/powerstore/datasource_volume.go:410.8,410.46 1 0
terraform-provider-powerstore/powerstore/datasource_volume.go:410.46,412.17 2 0
terraform-provider-powerstore/powerstore/datasource_volume.go:412.17,419.4 2 0
terraform-provider-powerstore/powerstore/datasource_volume.go:420.3,421.61 2 0
terraform-provider-powerstore/powerstore/datasource_volume.go:423.8,425.3 1 0
terraform-provider-powerstore/powerstore/datasource_volume.go:427.2,427.16 1 0
terraform-provider-powerstore/powerstore/datasource_volume.go:427.16,433.3 2 0
terraform-provider-powerstore/powerstore/datasource_volume.go:435.2,436.16 2 0
terraform-provider-powerstore/powerstore/datasource_volume.go:436.16,442.3 2 0
terraform-provider-powerstore/powerstore/datasource_volume.go:443.2,446.33 4 0
terraform-provider-powerstore/powerstore/datasource_volume.go:446.33,448.3 1 0
terraform-provider-powerstore/powerstore/datasource_volume.go:452.121,453.38 1 0
terraform-provider-powerstore/powerstore/datasource_volume.go:453.38,460.17 7 0
terraform-provider-powerstore/powerstore/datasource_volume.go:460.17,464.55 1 0
terraform-provider-powerstore/powerstore/datasource_volume.go:464.55,465.13 1 0
terraform-provider-powerstore/powerstore/datasource_volume.go:467.4,467.19 1 0
terraform-provider-powerstore/powerstore/datasource_volume.go:469.3,469.27 1 0
terraform-provider-powerstore/powerstore/datasource_volume.go:469.27,471.4 1 0
terraform-provider-powerstore/powerstore/datasource_volume.go:472.3,473.17 2 0
terraform-provider-powerstore/powerstore/datasource_volume.go:473.17,477.55 1 0
terraform-provider-powerstore/powerstore/datasource_volume.go:477.55,478.13 1 0
terraform-provider-powerstore/powerstore/datasource_volume.go:480.4,480.19 1 0
terraform-provider-powerstore/powerstore/datasource_volume.go:482.3,482.43 1 0
terraform-provider-powerstore/powerstore/datasource_volume.go:482.43,484.4 1 0
terraform-provider-powerstore/powerstore/datasource_volume.go:485.3,537.55 2 0
terraform-provider-powerstore/powerstore/datasource_volume.go:537.55,542.4 1 0
terraform-provider-powerstore/powerstore/datasource_volume.go:543.3,543.52 1 0
terraform-provider-powerstore/powerstore/datasource_volume.go:543.52,547.4 1 0
terraform-provider-powerstore/powerstore/datasource_volume.go:548.3,548.55 1 0
terraform-provider-powerstore/powerstore/datasource_volume.go:548.55,553.4 1 0
terraform-provider-powerstore/powerstore/datasource_volume.go:554.3,554.52 1 0
terraform-provider-powerstore/powerstore/datasource_volume.go:554.52,559.4 1 0
terraform-provider-powerstore/powerstore/datasource_volume.go:561.3,561.43 1 0
terraform-provider-powerstore/powerstore/datasource_volume.go:563.2,563.22 1 0
terraform-provider-powerstore/powerstore/datasource_volume.go:566.49,572.35 2 0
terraform-provider-powerstore/powerstore/datasource_volume.go:572.35,574.30 2 0
terraform-provider-powerstore/powerstore/datasource_volume.go:574.30,576.4 1 0
terraform-provider-powerstore/powerstore/datasource_volume.go:578.2,578.12 1 0
terraform-provider-powerstore/powerstore/datasource_volume_group.go:54.55,56.2 1 0
terraform-provider-powerstore/powerstore/datasource_volume_group.go:58.128,60.2 1 0
terraform-provider-powerstore/powerstore/datasource_volume_group.go:62.120,242.2 1 0
terraform-provider-powerstore/powerstore/datasource_volume_group.go:244.128,245.29 1 0
terraform-provider-powerstore/powerstore/datasource_volume_group.go:245.29,247.3 1 0
terraform-provider-powerstore/powerstore/datasource_volume_group.go:248.2,249.24 2 0
terraform-provider-powerstore/powerstore/datasource_volume_group.go:252.118,257.33 4 0
terraform-provider-powerstore/powerstore/datasource_volume_group.go:257.33,259.3 1 0
terraform-provider-powerstore/powerstore/datasource_volume_group.go:261.2,270.26 6 0
terraform-provider-powerstore/powerstore/datasource_volume_group.go:270.26,272.3 1 0
terraform-provider-powerstore/powerstore/datasource_volume_group.go:272.8,272.36 1 0
terraform-provider-powerstore/powerstore/datasource_volume_group.go:272.36,274.17 2 0
terraform-provider-powerstore/powerstore/datasource_volume_group.go:274.17,281.4 2 0
terraform-provider-powerstore/powerstore/datasource_volume_group.go:282.3,282.70 1 0
terraform-provider-powerstore/powerstore/datasource_volume_group.go:284.2,287.16 2 0
terraform-provider-powerstore/powerstore/datasource_volume_group.go:287.16,293.3 2 0
terraform-provider-powerstore/powerstore/datasource_volume_group.go:296.2,296.62 1 0
terraform-provider-powerstore/powerstore/datasource_volume_group.go:296.62,302.3 2 0
terraform-provider-powerstore/powerstore/datasource_volume_group.go:304.2,308.33 5 0
terraform-provider-powerstore/powerstore/datasource_volume_group.go:308.33,310.3 1 0
terraform-provider-powerstore/powerstore/datasource_volume_group.go:314.103,315.113 1 0
terraform-provider-powerstore/powerstore/datasource_volume_group.go:315.113,331.119 1 0
terraform-provider-powerstore/powerstore/datasource_volume_group.go:331.119,337.5 1 0
terraform-provider-powerstore/powerstore/datasource_volume_group.go:339.120,345.5 1 0
terraform-provider-powerstore/powerstore/datasource_volume_group.go:347.127,352.5 1 0
terraform-provider-powerstore/powerstore/datasource_volume_group.go:353.129,358.5 1 0
terraform-provider-powerstore/powerstore/datasource_volume_group.go:359.96,365.5 1 0
terraform-provider-powerstore/powerstore/datasource_volume_group_snapshot.go:48.63,50.2 1 0
terraform-provider-powerstore/powerstore/datasource_volume_group_snapshot.go:52.136,54.2 1 0
terraform-provider-powerstore/powerstore/datasource_volume_group_snapshot.go:56.128,236.2 1 0
terraform-provider-powerstore/powerstore/datasource_volume_group_snapshot.go:238.136,239.29 1 0
terraform-provider-powerstore/powerstore/datasource_volume_group_snapshot.go:239.29,241.3 1 0
terraform-provider-powerstore/powerstore/datasource_volume_group_snapshot.go:242.2,243.29 2 0
terraform-provider-powerstore/powerstore/datasource_volume_group_snapshot.go:246.126,251.33 4 0
terraform-provider-powerstore/powerstore/datasource_volume_group_snapshot.go:251.33,253.3 1 0
terraform-provider-powerstore/powerstore/datasource_volume_group_snapshot.go:256.2,266.26 7 0
terraform-provider-powerstore/powerstore/datasource_volume_group_snapshot.go:266.26,268.3 1 0
terraform-provider-powerstore/powerstore/datasource_volume_group_snapshot.go:268.8,268.36 1 0
terraform-provider-powerstore/powerstore/datasource_volume_group_snapshot.go:268.36,270.17 2 0
terraform-provider-powerstore/powerstore/datasource_volume_group_snapshot.go:270.17,277.4 2 0
terraform-provider-powerstore/powerstore/datasource_volume_group_snapshot.go:278.3,278.70 1 0
terraform-provider-powerstore/powerstore/datasource_volume_group_snapshot.go:280.2,283.16 2 0
terraform-provider-powerstore/powerstore/datasource_volume_group_snapshot.go:283.16,289.3 2 0
terraform-provider-powerstore/powerstore/datasource_volume_group_snapshot.go:292.2,292.62 1 0
terraform-provider-powerstore/powerstore/datasource_volume_group_snapshot.go:292.62,298.3 2 0
terraform-provider-powerstore/powerstore/datasource_volume_group_snapshot.go:300.2,304.33 5 0
terraform-provider-powerstore/powerstore/datasource_volume_group_snapshot.go:304.33,306.3 1 0
terraform-provider-powerstore/powerstore/datasource_volume_snapshot.go:41.58,43.2 1 0
terraform-provider-powerstore/powerstore/datasource_volume_snapshot.go:49.131,51.2 1 0
terraform-provider-powerstore/powerstore/datasource_volume_snapshot.go:53.123,372.2 1 0
terraform-provider-powerstore/powerstore/datasource_volume_snapshot.go:374.131,375.29 1 0
terraform-provider-powerstore/powerstore/datasource_volume_snapshot.go:375.29,377.3 1 0
terraform-provider-powerstore/powerstore/datasource_volume_snapshot.go:378.2,378.46 1 0
terraform-provider-powerstore/powerstore/datasource_volume_snapshot.go:381.121,389.33 7 0
terraform-provider-powerstore/powerstore/datasource_volume_snapshot.go:389.33,391.3 1 0
terraform-provider-powerstore/powerstore/datasource_volume_snapshot.go:394.2,394.36 1 0
terraform-provider-powerstore/powerstore/datasource_volume_snapshot.go:394.36,397.3 2 0
terraform-provider-powerstore/powerstore/datasource_volume_snapshot.go:397.8,397.41 1 0
terraform-provider-powerstore/powerstore/datasource_volume_snapshot.go:397.41,400.3 2 0
terraform-provider-powerstore/powerstore/datasource_volume_snapshot.go:400.8,400.46 1 0
terraform-provider-powerstore/powerstore/datasource_volume_snapshot.go:400.46,402.17 2 0
terraform-provider-powerstore/powerstore/datasource_volume_snapshot.go:402.17,409.4 2 0
terraform-provider-powerstore/powerstore/datasource_volume_snapshot.go:410.3,411.70 2 0
terraform-provider-powerstore/powerstore/datasource_volume_snapshot.go:413.8,415.3 1 0
terraform-provider-powerstore/powerstore/datasource_volume_snapshot.go:418.2,418.16 1 0
terraform-provider-powerstore/powerstore/datasource_volume_snapshot.go:418.16,424.3 2 0
terraform-provider-powerstore/powerstore/datasource_volume_snapshot.go:426.2,427.16 2 0
terraform-provider-powerstore/powerstore/datasource_volume_snapshot.go:427.16,433.3 2 0
terraform-provider-powerstore/powerstore/datasource_volume_snapshot.go:434.2,437.33 4 0
terraform-provider-powerstore/powerstore/datasource_volume_snapshot.go:437.33,439.3 1 0
terraform-provider-powerstore/powerstore/defaults.go:44.71,46.2 1 0
terraform-provider-powerstore/powerstore/defaults.go:53.3,55.31 1 0
terraform-provider-powerstore/powerstore/defaults.go:55.31,57.3 1 0
terraform-provider-powerstore/powerstore/defaults.go:60.2,60.61 1 0
terraform-provider-powerstore/powerstore/defaults.go:60.61,62.3 1 0
terraform-provider-powerstore/powerstore/defaults.go:63.2,63.61 1 0
terraform-provider-powerstore/powerstore/defaults.go:63.61,65.3 1 0
terraform-provider-powerstore/powerstore/defaults.go:73.3,74.61 1 0
terraform-provider-powerstore/powerstore/defaults.go:74.61,76.3 1 0
terraform-provider-powerstore/powerstore/defaults.go:80.79,82.2 1 0
terraform-provider-powerstore/powerstore/defaults.go:85.87,87.2 1 0
terraform-provider-powerstore/powerstore/provider.go:62.119,65.2 2 0
terraform-provider-powerstore/powerstore/provider.go:68.113,111.2 1 0
terraform-provider-powerstore/powerstore/provider.go:114.122,119.33 3 0
terraform-provider-powerstore/powerstore/provider.go:119.33,121.3 1 0
terraform-provider-powerstore/powerstore/provider.go:123.2,124.23 2 0
terraform-provider-powerstore/powerstore/provider.go:124.23,126.3 1 0
terraform-provider-powerstore/powerstore/provider.go:128.2,129.19 2 0
terraform-provider-powerstore/powerstore/provider.go:129.19,131.3 1 0
terraform-provider-powerstore/powerstore/provider.go:133.2,134.23 2 0
terraform-provider-powerstore/powerstore/provider.go:134.23,136.3 1 0
terraform-provider-powerstore/powerstore/provider.go:138.2,139.24 2 0
terraform-provider-powerstore/powerstore/provider.go:139.24,141.3 1 0
terraform-provider-powerstore/powerstore/provider.go:143.2,144.23 2 0
terraform-provider-powerstore/powerstore/provider.go:144.23,146.3 1 0
terraform-provider-powerstore/powerstore/provider.go:148.2,148.59 1 0
terraform-provider-powerstore/powerstore/provider.go:148.59,150.3 1 0
terraform-provider-powerstore/powerstore/provider.go:153.2,163.16 2 0
terraform-provider-powerstore/powerstore/provider.go:163.16,169.3 2 0
terraform-provider-powerstore/powerstore/provider.go:172.2,173.16 2 0
terraform-provider-powerstore/powerstore/provider.go:173.16,179.3 2 0
terraform-provider-powerstore/powerstore/provider.go:181.2,183.36 3 0
terraform-provider-powerstore/powerstore/provider.go:187.84,205.2 1 0
terraform-provider-powerstore/powerstore/provider.go:208.90,227.2 1 0
terraform-provider-powerstore/powerstore/provider.go:230.51,231.34 1 1
terraform-provider-powerstore/powerstore/provider.go:231.34,235.3 1 1
terraform-provider-powerstore/powerstore/resource_filesystem.go:59.48,61.2 1 0
terraform-provider-powerstore/powerstore/resource_filesystem.go:63.122,65.2 1 0
terraform-provider-powerstore/powerstore/resource_filesystem.go:67.116,370.2 1 0
terraform-provider-powerstore/powerstore/resource_filesystem.go:373.124,374.29 1 0
terraform-provider-powerstore/powerstore/resource_filesystem.go:374.29,376.3 1 0
terraform-provider-powerstore/powerstore/resource_filesystem.go:377.2,378.9 2 0
terraform-provider-powerstore/powerstore/resource_filesystem.go:378.9,385.3 2 0
terraform-provider-powerstore/powerstore/resource_filesystem.go:387.2,387.19 1 0
terraform-provider-powerstore/powerstore/resource_filesystem.go:391.116,400.33 6 0
terraform-provider-powerstore/powerstore/resource_filesystem.go:400.33,402.3 1 0
terraform-provider-powerstore/powerstore/resource_filesystem.go:403.2,403.80 1 0
terraform-provider-powerstore/powerstore/resource_filesystem.go:403.80,409.3 2 0
terraform-provider-powerstore/powerstore/resource_filesystem.go:410.2,411.18 2 0
terraform-provider-powerstore/powerstore/resource_filesystem.go:411.18,417.3 2 0
terraform-provider-powerstore/powerstore/resource_filesystem.go:419.2,441.37 3 0
terraform-provider-powerstore/powerstore/resource_filesystem.go:441.37,443.122 2 0
terraform-provider-powerstore/powerstore/resource_filesystem.go:443.122,449.4 2 0
terraform-provider-powerstore/powerstore/resource_filesystem.go:450.3,455.4 1 0
terraform-provider-powerstore/powerstore/resource_filesystem.go:459.2,460.16 2 0
terraform-provider-powerstore/powerstore/resource_filesystem.go:460.16,466.3 2 0
terraform-provider-powerstore/powerstore/resource_filesystem.go:469.2,470.17 2 0
terraform-provider-powerstore/powerstore/resource_filesystem.go:470.17,476.3 2 0
terraform-provider-powerstore/powerstore/resource_filesystem.go:478.2,485.33 6 0
terraform-provider-powerstore/powerstore/resource_filesystem.go:485.33,487.3 1 0
terraform-provider-powerstore/powerstore/resource_filesystem.go:488.2,488.32 1 0
terraform-provider-powerstore/powerstore/resource_filesystem.go:492.110,496.33 4 0
terraform-provider-powerstore/powerstore/resource_filesystem.go:496.33,498.3 1 0
terraform-provider-powerstore/powerstore/resource_filesystem.go:501.2,504.16 3 0
terraform-provider-powerstore/powerstore/resource_filesystem.go:504.16,510.3 2 0
terraform-provider-powerstore/powerstore/resource_filesystem.go:512.2,517.33 4 0
terraform-provider-powerstore/powerstore/resource_filesystem.go:517.33,519.3 1 0
terraform-provider-powerstore/powerstore/resource_filesystem.go:520.2,520.30 1 0
terraform-provider-powerstore/powerstore/resource_filesystem.go:524.116,531.33 5 0
terraform-provider-powerstore/powerstore/resource_filesystem.go:531.33,533.3 1 0
terraform-provider-powerstore/powerstore/resource_filesystem.go:536.2,539.33 4 0
terraform-provider-powerstore/powerstore/resource_filesystem.go:539.33,541.3 1 0
terraform-provider-powerstore/powerstore/resource_filesystem.go:543.2,543.80 1 0
terraform-provider-powerstore/powerstore/resource_filesystem.go:543.80,549.3 2 0
terraform-provider-powerstore/powerstore/resource_filesystem.go:551.2,551.57 1 0
terraform-provider-powerstore/powerstore/resource_filesystem.go:551.57,557.3 2 0
terraform-provider-powerstore/powerstore/resource_filesystem.go:559.2,559.71 1 0
terraform-provider-powerstore/powerstore/resource_filesystem.go:559.71,565.3 2 0
terraform-provider-powerstore/powerstore/resource_filesystem.go:567.2,567.69 1 0
terraform-provider-powerstore/powerstore/resource_filesystem.go:567.69,573.3 2 0
terraform-provider-powerstore/powerstore/resource_filesystem.go:574.2,574.69 1 0
terraform-provider-powerstore/powerstore/resource_filesystem.go:574.69,580.3 2 0
terraform-provider-powerstore/powerstore/resource_filesystem.go:582.2,588.71 5 0
terraform-provider-powerstore/powerstore/resource_filesystem.go:588.71,594.3 2 0
terraform-provider-powerstore/powerstore/resource_filesystem.go:595.2,595.566 1 0
terraform-provider-powerstore/powerstore/resource_filesystem.go:595.566,601.3 2 0
terraform-provider-powerstore/powerstore/resource_filesystem.go:603.2,604.18 2 0
terraform-provider-powerstore/powerstore/resource_filesystem.go:604.18,610.3 2 0
terraform-provider-powerstore/powerstore/resource_filesystem.go:611.2,629.567 3 0
terraform-provider-powerstore/powerstore/resource_filesystem.go:629.567,638.3 1 0
terraform-provider-powerstore/powerstore/resource_filesystem.go:640.2,641.16 2 0
terraform-provider-powerstore/powerstore/resource_filesystem.go:641.16,647.3 2 0
terraform-provider-powerstore/powerstore/resource_filesystem.go:649.2,650.17 2 0
terraform-provider-powerstore/powerstore/resource_filesystem.go:650.17,656.3 2 0
terraform-provider-powerstore/powerstore/resource_filesystem.go:658.2,663.33 4 0
terraform-provider-powerstore/powerstore/resource_filesystem.go:663.33,665.3 1 0
terraform-provider-powerstore/powerstore/resource_filesystem.go:667.2,667.32 1 0
terraform-provider-powerstore/powerstore/resource_filesystem.go:671.116,677.33 5 0
terraform-provider-powerstore/powerstore/resource_filesystem.go:677.33,679.3 1 0
terraform-provider-powerstore/powerstore/resource_filesystem.go:682.2,686.16 3 0
terraform-provider-powerstore/powerstore/resource_filesystem.go:686.16,692.3 2 0
terraform-provider-powerstore/powerstore/resource_filesystem.go:695.2,696.32 2 0
terraform-provider-powerstore/powerstore/resource_filesystem.go:700.131,702.2 1 0
terraform-provider-powerstore/powerstore/resource_filesystem.go:704.74,706.41 2 0
terraform-provider-powerstore/powerstore/resource_filesystem.go:707.12,708.46 1 0
terraform-provider-powerstore/powerstore/resource_filesystem.go:709.12,710.46 1 0
terraform-provider-powerstore/powerstore/resource_filesystem.go:711.10,712.36 1 0
terraform-provider-powerstore/powerstore/resource_filesystem.go:714.2,714.30 1 0
terraform-provider-powerstore/powerstore/resource_filesystem.go:717.67,721.77 4 0
terraform-provider-powerstore/powerstore/resource_filesystem.go:721.77,723.3 1 0
terraform-provider-powerstore/powerstore/resource_filesystem.go:724.2,724.14 1 0
terraform-provider-powerstore/powerstore/resource_filesystem.go:724.14,726.3 1 0
terraform-provider-powerstore/powerstore/resource_filesystem.go:727.2,727.29 1 0
terraform-provider-powerstore/powerstore/resource_filesystem.go:730.84,773.2 24 0
terraform-provider-powerstore/powerstore/resource_filesystem_snapshot.go:47.56,49.2 1 0
terraform-provider-powerstore/powerstore/resource_filesystem_snapshot.go:56.131,58.2 1 0
terraform-provider-powerstore/powerstore/resource_filesystem_snapshot.go:61.125,120.2 1 0
terraform-provider-powerstore/powerstore/resource_filesystem_snapshot.go:123.134,125.29 1 0
terraform-provider-powerstore/powerstore/resource_filesystem_snapshot.go:125.29,127.3 1 0
terraform-provider-powerstore/powerstore/resource_filesystem_snapshot.go:129.2,131.9 2 0
terraform-provider-powerstore/powerstore/resource_filesystem_snapshot.go:131.9,138.3 2 0
terraform-provider-powerstore/powerstore/resource_filesystem_snapshot.go:140.2,140.19 1 0
terraform-provider-powerstore/powerstore/resource_filesystem_snapshot.go:144.125,150.33 4 0
terraform-provider-powerstore/powerstore/resource_filesystem_snapshot.go:150.33,152.3 1 0
terraform-provider-powerstore/powerstore/resource_filesystem_snapshot.go:154.2,165.16 4 0
terraform-provider-powerstore/powerstore/resource_filesystem_snapshot.go:165.16,171.3 2 0
terraform-provider-powerstore/powerstore/resource_filesystem_snapshot.go:173.2,174.17 2 0
terraform-provider-powerstore/powerstore/resource_filesystem_snapshot.go:174.17,180.3 2 0
terraform-provider-powerstore/powerstore/resource_filesystem_snapshot.go:183.2,188.33 5 0
terraform-provider-powerstore/powerstore/resource_filesystem_snapshot.go:188.33,190.3 1 0
terraform-provider-powerstore/powerstore/resource_filesystem_snapshot.go:191.2,191.32 1 0
terraform-provider-powerstore/powerstore/resource_filesystem_snapshot.go:195.119,200.33 4 0
terraform-provider-powerstore/powerstore/resource_filesystem_snapshot.go:200.33,202.3 1 0
terraform-provider-powerstore/powerstore/resource_filesystem_snapshot.go:204.2,208.16 3 0
terraform-provider-powerstore/powerstore/resource_filesystem_snapshot.go:208.16,214.3 2 0
terraform-provider-powerstore/powerstore/resource_filesystem_snapshot.go:215.2,220.33 4 0
terraform-provider-powerstore/powerstore/resource_filesystem_snapshot.go:220.33,222.3 1 0
terraform-provider-powerstore/powerstore/resource_filesystem_snapshot.go:224.2,224.30 1 0
terraform-provider-powerstore/powerstore/resource_filesystem_snapshot.go:228.125,235.33 5 0
terraform-provider-powerstore/powerstore/resource_filesystem_snapshot.go:235.33,237.3 1 0
terraform-provider-powerstore/powerstore/resource_filesystem_snapshot.go:240.2,243.33 4 0
terraform-provider-powerstore/powerstore/resource_filesystem_snapshot.go:243.33,245.3 1 0
terraform-provider-powerstore/powerstore/resource_filesystem_snapshot.go:248.2,248.126 1 0
terraform-provider-powerstore/powerstore/resource_filesystem_snapshot.go:248.126,255.3 2 0
terraform-provider-powerstore/powerstore/resource_filesystem_snapshot.go:257.2,264.16 4 0
terraform-provider-powerstore/powerstore/resource_filesystem_snapshot.go:264.16,270.3 2 0
terraform-provider-powerstore/powerstore/resource_filesystem_snapshot.go:273.2,274.16 2 0
terraform-provider-powerstore/powerstore/resource_filesystem_snapshot.go:274.16,280.3 2 0
terraform-provider-powerstore/powerstore/resource_filesystem_snapshot.go:282.2,286.33 4 0
terraform-provider-powerstore/powerstore/resource_filesystem_snapshot.go:286.33,288.3 1 0
terraform-provider-powerstore/powerstore/resource_filesystem_snapshot.go:290.2,290.45 1 0
terraform-provider-powerstore/powerstore/resource_filesystem_snapshot.go:294.125,300.33 5 0
terraform-provider-powerstore/powerstore/resource_filesystem_snapshot.go:300.33,302.3 1 0
terraform-provider-powerstore/powerstore/resource_filesystem_snapshot.go:305.2,310.16 3 0
terraform-provider-powerstore/powerstore/resource_filesystem_snapshot.go:310.16,316.3 2 0
terraform-provider-powerstore/powerstore/resource_filesystem_snapshot.go:318.2,318.32 1 0
terraform-provider-powerstore/powerstore/resource_filesystem_snapshot.go:322.140,324.2 1 0
terraform-provider-powerstore/powerstore/resource_filesystem_snapshot.go:327.128,334.19 5 0
terraform-provider-powerstore/powerstore/resource_filesystem_snapshot.go:334.19,336.3 1 0
terraform-provider-powerstore/powerstore/resource_filesystem_snapshot.go:336.8,338.3 1 0
terraform-provider-powerstore/powerstore/resource_filesystem_snapshot.go:339.2,340.59 2 0
terraform-provider-powerstore/powerstore/resource_filesystem_snapshot.go:343.105,345.69 2 0
terraform-provider-powerstore/powerstore/resource_filesystem_snapshot.go:345.69,347.3 1 0
terraform-provider-powerstore/powerstore/resource_filesystem_snapshot.go:348.2,352.25 2 0
terraform-provider-powerstore/powerstore/resource_host.go:41.42,43.2 1 0
terraform-provider-powerstore/powerstore/resource_host.go:50.117,52.2 1 0
terraform-provider-powerstore/powerstore/resource_host.go:55.111,154.2 1 0
terraform-provider-powerstore/powerstore/resource_host.go:157.120,159.29 1 0
terraform-provider-powerstore/powerstore/resource_host.go:159.29,161.3 1 0
terraform-provider-powerstore/powerstore/resource_host.go:163.2,165.9 2 0
terraform-provider-powerstore/powerstore/resource_host.go:165.9,172.3 2 0
terraform-provider-powerstore/powerstore/resource_host.go:174.2,174.19 1 0
terraform-provider-powerstore/powerstore/resource_host.go:178.111,184.33 4 0
terraform-provider-powerstore/powerstore/resource_host.go:184.33,186.3 1 0
terraform-provider-powerstore/powerstore/resource_host.go:189.2,189.61 1 0
terraform-provider-powerstore/powerstore/resource_host.go:189.61,195.3 2 0
terraform-provider-powerstore/powerstore/resource_host.go:198.2,199.47 2 0
terraform-provider-powerstore/powerstore/resource_host.go:199.47,204.34 5 0
terraform-provider-powerstore/powerstore/resource_host.go:204.34,206.4 1 0
terraform-provider-powerstore/powerstore/resource_host.go:207.3,208.45 2 0
terraform-provider-powerstore/powerstore/resource_host.go:211.2,225.16 6 0
terraform-provider-powerstore/powerstore/resource_host.go:225.16,231.3 2 0
terraform-provider-powerstore/powerstore/resource_host.go:234.2,235.17 2 0
terraform-provider-powerstore/powerstore/resource_host.go:235.17,241.3 2 0
terraform-provider-powerstore/powerstore/resource_host.go:244.2,250.33 5 0
terraform-provider-powerstore/powerstore/resource_host.go:250.33,252.3 1 0
terraform-provider-powerstore/powerstore/resource_host.go:253.2,253.32 1 0
terraform-provider-powerstore/powerstore/resource_host.go:257.105,262.33 4 0
terraform-provider-powerstore/powerstore/resource_host.go:262.33,264.3 1 0
terraform-provider-powerstore/powerstore/resource_host.go:267.2,270.16 3 0
terraform-provider-powerstore/powerstore/resource_host.go:270.16,276.3 2 0
terraform-provider-powerstore/powerstore/resource_host.go:278.2,283.33 4 0
terraform-provider-powerstore/powerstore/resource_host.go:283.33,285.3 1 0
terraform-provider-powerstore/powerstore/resource_host.go:287.2,287.30 1 0
terraform-provider-powerstore/powerstore/resource_host.go:291.111,298.33 5 0
terraform-provider-powerstore/powerstore/resource_host.go:298.33,300.3 1 0
terraform-provider-powerstore/powerstore/resource_host.go:303.2,306.33 4 0
terraform-provider-powerstore/powerstore/resource_host.go:306.33,308.3 1 0
terraform-provider-powerstore/powerstore/resource_host.go:311.2,315.16 3 0
terraform-provider-powerstore/powerstore/resource_host.go:315.16,321.3 2 0
terraform-provider-powerstore/powerstore/resource_host.go:326.2,331.16 2 0
terraform-provider-powerstore/powerstore/resource_host.go:331.16,336.3 1 0
terraform-provider-powerstore/powerstore/resource_host.go:339.2,344.16 2 0
terraform-provider-powerstore/powerstore/resource_host.go:344.16,349.3 1 0
terraform-provider-powerstore/powerstore/resource_host.go:352.2,353.31 2 0
terraform-provider-powerstore/powerstore/resource_host.go:353.31,362.17 3 0
terraform-provider-powerstore/powerstore/resource_host.go:362.17,367.4 1 0
terraform-provider-powerstore/powerstore/resource_host.go:371.2,372.16 2 0
terraform-provider-powerstore/powerstore/resource_host.go:372.16,378.3 2 0
terraform-provider-powerstore/powerstore/resource_host.go:381.2,385.33 4 0
terraform-provider-powerstore/powerstore/resource_host.go:385.33,387.3 1 0
terraform-provider-powerstore/powerstore/resource_host.go:389.2,389.45 1 0
terraform-provider-powerstore/powerstore/resource_host.go:393.111,399.33 5 0
terraform-provider-powerstore/powerstore/resource_host.go:399.33,401.3 1 0
terraform-provider-powerstore/powerstore/resource_host.go:404.2,408.16 3 0
terraform-provider-powerstore/powerstore/resource_host.go:408.16,414.3 2 0
terraform-provider-powerstore/powerstore/resource_host.go:416.2,416.32 1 0
terraform-provider-powerstore/powerstore/resource_host.go:420.126,422.2 1 0
terraform-provider-powerstore/powerstore/resource_host.go:425.133,427.23 1 0
terraform-provider-powerstore/powerstore/resource_host.go:427.23,429.3 1 0
terraform-provider-powerstore/powerstore/resource_host.go:430.2,430.25 1 0
terraform-provider-powerstore/powerstore/resource_host.go:430.25,432.3 1 0
terraform-provider-powerstore/powerstore/resource_host.go:433.2,434.27 2 0
terraform-provider-powerstore/powerstore/resource_host.go:434.27,436.3 1 0
terraform-provider-powerstore/powerstore/resource_host.go:437.2,437.37 1 0
terraform-provider-powerstore/powerstore/resource_host.go:437.37,439.3 1 0
terraform-provider-powerstore/powerstore/resource_host.go:440.2,446.78 3 0
terraform-provider-powerstore/powerstore/resource_host.go:446.78,447.51 1 0
terraform-provider-powerstore/powerstore/resource_host.go:447.51,451.24 4 0
terraform-provider-powerstore/powerstore/resource_host.go:451.24,453.13 1 0
terraform-provider-powerstore/powerstore/resource_host.go:455.4,456.38 2 0
terraform-provider-powerstore/powerstore/resource_host.go:463.2,464.81 2 0
terraform-provider-powerstore/powerstore/resource_host.go:464.81,465.52 1 0
terraform-provider-powerstore/powerstore/resource_host.go:465.52,469.24 4 0
terraform-provider-powerstore/powerstore/resource_host.go:469.24,471.13 1 0
terraform-provider-powerstore/powerstore/resource_host.go:473.4,474.39 2 0
terraform-provider-powerstore/powerstore/resource_host.go:478.2,478.48 1 0
terraform-provider-powerstore/powerstore/resource_host.go:478.48,480.114 2 0
terraform-provider-powerstore/powerstore/resource_host.go:480.114,483.4 2 0
terraform-provider-powerstore/powerstore/resource_host.go:483.9,483.48 1 0
terraform-provider-powerstore/powerstore/resource_host.go:483.48,486.34 3 0
terraform-provider-powerstore/powerstore/resource_host.go:486.34,488.5 1 0
terraform-provider-powerstore/powerstore/resource_host.go:488.10,490.5 1 0
terraform-provider-powerstore/powerstore/resource_host.go:491.4,491.87 1 0
terraform-provider-powerstore/powerstore/resource_host.go:492.9,495.34 3 0
terraform-provider-powerstore/powerstore/resource_host.go:495.34,498.5 2 0
terraform-provider-powerstore/powerstore/resource_host.go:498.10,501.5 2 0
terraform-provider-powerstore/powerstore/resource_host.go:502.4,503.87 2 0
terraform-provider-powerstore/powerstore/resource_host.go:506.3,506.50 1 0
terraform-provider-powerstore/powerstore/resource_host.go:508.2,518.31 3 0
terraform-provider-powerstore/powerstore/resource_host.go:518.31,521.3 2 0
terraform-provider-powerstore/powerstore/resource_host.go:523.2,526.32 3 0
terraform-provider-powerstore/powerstore/resource_host.go:526.32,528.3 1 0
terraform-provider-powerstore/powerstore/resource_host.go:532.108,538.81 4 0
terraform-provider-powerstore/powerstore/resource_host.go:538.81,540.3 1 0
terraform-provider-powerstore/powerstore/resource_host.go:543.2,547.50 3 0
terraform-provider-powerstore/powerstore/resource_host.go:547.50,552.13 5 0
terraform-provider-powerstore/powerstore/resource_host.go:552.13,554.4 1 0
terraform-provider-powerstore/powerstore/resource_host.go:557.2,558.45 2 0
terraform-provider-powerstore/powerstore/resource_host.go:558.45,561.3 2 0
terraform-provider-powerstore/powerstore/resource_host.go:563.2,569.19 2 0
terraform-provider-powerstore/powerstore/resource_host.go:573.111,580.51 3 0
terraform-provider-powerstore/powerstore/resource_host.go:580.51,585.13 5 0
terraform-provider-powerstore/powerstore/resource_host.go:585.13,587.4 1 0
terraform-provider-powerstore/powerstore/resource_host.go:591.2,592.44 2 0
terraform-provider-powerstore/powerstore/resource_host.go:592.44,594.3 1 0
terraform-provider-powerstore/powerstore/resource_host.go:596.2,600.19 2 0
terraform-provider-powerstore/powerstore/resource_host.go:604.122,609.50 3 0
terraform-provider-powerstore/powerstore/resource_host.go:609.50,613.71 4 0
terraform-provider-powerstore/powerstore/resource_host.go:613.71,630.71 12 0
terraform-provider-powerstore/powerstore/resource_host.go:630.71,631.87 1 0
terraform-provider-powerstore/powerstore/resource_host.go:631.87,635.6 1 0
terraform-provider-powerstore/powerstore/resource_host.go:635.11,635.53 1 0
terraform-provider-powerstore/powerstore/resource_host.go:635.53,641.6 1 0
terraform-provider-powerstore/powerstore/resource_host.go:641.11,641.54 1 0
terraform-provider-powerstore/powerstore/resource_host.go:641.54,649.6 1 0
terraform-provider-powerstore/powerstore/resource_host.go:650.5,650.65 1 0
terraform-provider-powerstore/powerstore/resource_host.go:654.2,654.25 1 0
terraform-provider-powerstore/powerstore/resource_host.go:657.135,661.61 3 0
terraform-provider-powerstore/powerstore/resource_host.go:661.61,663.3 1 0
terraform-provider-powerstore/powerstore/resource_host.go:665.2,665.50 1 0
terraform-provider-powerstore/powerstore/resource_host.go:665.50,670.34 5 0
terraform-provider-powerstore/powerstore/resource_host.go:670.34,672.4 1 0
terraform-provider-powerstore/powerstore/resource_host.go:675.3,682.56 1 0
terraform-provider-powerstore/powerstore/resource_host.go:682.56,687.4 1 0
terraform-provider-powerstore/powerstore/resource_host.go:688.3,688.97 1 0
terraform-provider-powerstore/powerstore/resource_host.go:688.97,693.4 1 0
terraform-provider-powerstore/powerstore/resource_host.go:694.3,694.97 1 0
terraform-provider-powerstore/powerstore/resource_host.go:694.97,699.4 1 0
terraform-provider-powerstore/powerstore/resource_host.go:700.3,700.97 1 0
terraform-provider-powerstore/powerstore/resource_host.go:700.97,705.4 1 0
terraform-provider-powerstore/powerstore/resource_host.go:709.59,711.40 2 0
terraform-provider-powerstore/powerstore/resource_host.go:711.40,713.3 1 0
terraform-provider-powerstore/powerstore/resource_host.go:713.8,713.47 1 0
terraform-provider-powerstore/powerstore/resource_host.go:713.47,715.3 1 0
terraform-provider-powerstore/powerstore/resource_host.go:715.8,717.3 1 0
terraform-provider-powerstore/powerstore/resource_host.go:718.2,718.17 1 0
terraform-provider-powerstore/powerstore/resource_host.go:721.115,724.39 2 0
terraform-provider-powerstore/powerstore/resource_host.go:724.39,725.39 1 0
terraform-provider-powerstore/powerstore/resource_host.go:725.39,730.4 4 0
terraform-provider-powerstore/powerstore/resource_host.go:732.2,732.22 1 0
terraform-provider-powerstore/powerstore/resource_host.go:735.111,747.83 8 0
terraform-provider-powerstore/powerstore/resource_host.go:747.83,750.3 2 0
terraform-provider-powerstore/powerstore/resource_host.go:750.8,750.37 1 0
terraform-provider-powerstore/powerstore/resource_host.go:750.37,755.3 4 0
terraform-provider-powerstore/powerstore/resource_host.go:755.8,762.3 6 0
terraform-provider-powerstore/powerstore/resource_host.go:763.2,763.18 1 0
terraform-provider-powerstore/powerstore/resource_host_group.go:41.47,43.2 1 0
terraform-provider-powerstore/powerstore/resource_host_group.go:50.122,52.2 1 0
terraform-provider-powerstore/powerstore/resource_host_group.go:55.116,125.2 1 0
terraform-provider-powerstore/powerstore/resource_host_group.go:128.125,130.29 1 0
terraform-provider-powerstore/powerstore/resource_host_group.go:130.29,132.3 1 0
terraform-provider-powerstore/powerstore/resource_host_group.go:134.2,136.9 2 0
terraform-provider-powerstore/powerstore/resource_host_group.go:136.9,143.3 2 0
terraform-provider-powerstore/powerstore/resource_host_group.go:145.2,145.19 1 0
terraform-provider-powerstore/powerstore/resource_host_group.go:149.116,155.33 4 0
terraform-provider-powerstore/powerstore/resource_host_group.go:155.33,157.3 1 0
terraform-provider-powerstore/powerstore/resource_host_group.go:159.2,160.18 2 0
terraform-provider-powerstore/powerstore/resource_host_group.go:160.18,166.3 2 0
terraform-provider-powerstore/powerstore/resource_host_group.go:168.2,168.40 1 0
terraform-provider-powerstore/powerstore/resource_host_group.go:168.40,174.3 2 0
terraform-provider-powerstore/powerstore/resource_host_group.go:176.2,180.16 3 0
terraform-provider-powerstore/powerstore/resource_host_group.go:180.16,186.3 2 0
terraform-provider-powerstore/powerstore/resource_host_group.go:189.2,190.16 2 0
terraform-provider-powerstore/powerstore/resource_host_group.go:190.16,196.3 2 0
terraform-provider-powerstore/powerstore/resource_host_group.go:198.2,203.33 5 0
terraform-provider-powerstore/powerstore/resource_host_group.go:203.33,205.3 1 0
terraform-provider-powerstore/powerstore/resource_host_group.go:206.2,206.32 1 0
terraform-provider-powerstore/powerstore/resource_host_group.go:210.116,216.33 5 0
terraform-provider-powerstore/powerstore/resource_host_group.go:216.33,218.3 1 0
terraform-provider-powerstore/powerstore/resource_host_group.go:221.2,236.16 5 0
terraform-provider-powerstore/powerstore/resource_host_group.go:236.16,241.3 1 0
terraform-provider-powerstore/powerstore/resource_host_group.go:244.2,245.16 2 0
terraform-provider-powerstore/powerstore/resource_host_group.go:245.16,251.3 2 0
terraform-provider-powerstore/powerstore/resource_host_group.go:253.2,253.32 1 0
terraform-provider-powerstore/powerstore/resource_host_group.go:257.60,261.48 2 0
terraform-provider-powerstore/powerstore/resource_host_group.go:261.48,263.3 1 0
terraform-provider-powerstore/powerstore/resource_host_group.go:265.2,265.21 1 0
terraform-provider-powerstore/powerstore/resource_host_group.go:269.110,274.33 5 0
terraform-provider-powerstore/powerstore/resource_host_group.go:274.33,276.3 1 0
terraform-provider-powerstore/powerstore/resource_host_group.go:279.2,282.16 3 0
terraform-provider-powerstore/powerstore/resource_host_group.go:282.16,288.3 2 0
terraform-provider-powerstore/powerstore/resource_host_group.go:290.2,295.33 4 0
terraform-provider-powerstore/powerstore/resource_host_group.go:295.33,297.3 1 0
terraform-provider-powerstore/powerstore/resource_host_group.go:298.2,298.30 1 0
terraform-provider-powerstore/powerstore/resource_host_group.go:302.116,309.33 5 0
terraform-provider-powerstore/powerstore/resource_host_group.go:309.33,311.3 1 0
terraform-provider-powerstore/powerstore/resource_host_group.go:314.2,317.33 4 0
terraform-provider-powerstore/powerstore/resource_host_group.go:317.33,319.3 1 0
terraform-provider-powerstore/powerstore/resource_host_group.go:321.2,322.18 2 0
terraform-provider-powerstore/powerstore/resource_host_group.go:322.18,328.3 2 0
terraform-provider-powerstore/powerstore/resource_host_group.go:331.2,335.18 3 0
terraform-provider-powerstore/powerstore/resource_host_group.go:335.18,341.3 2 0
terraform-provider-powerstore/powerstore/resource_host_group.go:343.2,353.16 3 0
terraform-provider-powerstore/powerstore/resource_host_group.go:353.16,358.3 1 0
terraform-provider-powerstore/powerstore/resource_host_group.go:361.2,362.16 2 0
terraform-provider-powerstore/powerstore/resource_host_group.go:362.16,368.3 2 0
terraform-provider-powerstore/powerstore/resource_host_group.go:370.2,374.33 4 0
terraform-provider-powerstore/powerstore/resource_host_group.go:374.33,376.3 1 0
terraform-provider-powerstore/powerstore/resource_host_group.go:378.2,378.45 1 0
terraform-provider-powerstore/powerstore/resource_host_group.go:382.131,384.2 1 0
terraform-provider-powerstore/powerstore/resource_host_group.go:387.102,390.49 2 0
terraform-provider-powerstore/powerstore/resource_host_group.go:390.49,392.3 1 0
terraform-provider-powerstore/powerstore/resource_host_group.go:394.2,399.24 2 0
terraform-provider-powerstore/powerstore/resource_host_group.go:403.158,412.47 6 0
terraform-provider-powerstore/powerstore/resource_host_group.go:412.47,414.3 1 0
terraform-provider-powerstore/powerstore/resource_host_group.go:416.2,417.33 2 0
terraform-provider-powerstore/powerstore/resource_host_group.go:417.33,419.3 1 0
terraform-provider-powerstore/powerstore/resource_host_group.go:420.2,424.62 3 0
terraform-provider-powerstore/powerstore/resource_host_group.go:424.62,426.3 1 0
terraform-provider-powerstore/powerstore/resource_host_group.go:427.2,428.37 2 0
terraform-provider-powerstore/powerstore/resource_host_group.go:428.37,430.3 1 0
terraform-provider-powerstore/powerstore/resource_host_group.go:431.2,431.78 1 0
terraform-provider-powerstore/powerstore/resource_host_group.go:436.98,439.47 2 0
terraform-provider-powerstore/powerstore/resource_host_group.go:439.47,441.3 1 0
terraform-provider-powerstore/powerstore/resource_host_group.go:444.2,445.48 2 0
terraform-provider-powerstore/powerstore/resource_host_group.go:445.48,447.3 1 0
terraform-provider-powerstore/powerstore/resource_host_group.go:450.2,451.27 2 0
terraform-provider-powerstore/powerstore/resource_host_group.go:451.27,452.41 1 0
terraform-provider-powerstore/powerstore/resource_host_group.go:452.41,454.4 1 0
terraform-provider-powerstore/powerstore/resource_host_group.go:458.2,459.28 2 0
terraform-provider-powerstore/powerstore/resource_host_group.go:459.28,460.42 1 0
terraform-provider-powerstore/powerstore/resource_host_group.go:460.42,462.4 1 0
terraform-provider-powerstore/powerstore/resource_host_group.go:466.2,467.41 2 0
terraform-provider-powerstore/powerstore/resource_host_group.go:467.41,469.13 2 0
terraform-provider-powerstore/powerstore/resource_host_group.go:469.13,471.4 1 0
terraform-provider-powerstore/powerstore/resource_host_group.go:475.2,476.42 2 0
terraform-provider-powerstore/powerstore/resource_host_group.go:476.42,478.3 1 0
terraform-provider-powerstore/powerstore/resource_host_group.go:480.2,482.108 2 0
terraform-provider-powerstore/powerstore/resource_host_group.go:482.108,484.3 1 0
terraform-provider-powerstore/powerstore/resource_host_group.go:487.2,488.40 2 0
terraform-provider-powerstore/powerstore/resource_host_group.go:488.40,490.13 2 0
terraform-provider-powerstore/powerstore/resource_host_group.go:490.13,492.4 1 0
terraform-provider-powerstore/powerstore/resource_host_group.go:496.2,497.39 2 0
terraform-provider-powerstore/powerstore/resource_host_group.go:497.39,499.3 1 0
terraform-provider-powerstore/powerstore/resource_host_group.go:501.2,501.52 1 0
terraform-provider-powerstore/powerstore/resource_host_group.go:505.71,507.41 2 0
terraform-provider-powerstore/powerstore/resource_host_group.go:507.41,508.54 1 0
terraform-provider-powerstore/powerstore/resource_host_group.go:508.54,510.18 2 0
terraform-provider-powerstore/powerstore/resource_host_group.go:510.18,512.5 1 0
terraform-provider-powerstore/powerstore/resource_host_group.go:513.4,513.58 1 0
terraform-provider-powerstore/powerstore/resource_host_group.go:515.3,516.37 2 0
terraform-provider-powerstore/powerstore/resource_host_group.go:516.37,518.4 1 0
terraform-provider-powerstore/powerstore/resource_host_group.go:519.3,519.63 1 0
terraform-provider-powerstore/powerstore/resource_host_group.go:522.2,522.11 1 0
terraform-provider-powerstore/powerstore/resource_nfs_export.go:46.47,48.2 1 0
terraform-provider-powerstore/powerstore/resource_nfs_export.go:55.122,57.2 1 0
terraform-provider-powerstore/powerstore/resource_nfs_export.go:60.116,68.2 1 0
terraform-provider-powerstore/powerstore/resource_nfs_export.go:71.60,238.2 2 0
terraform-provider-powerstore/powerstore/resource_nfs_export.go:241.125,243.29 1 0
terraform-provider-powerstore/powerstore/resource_nfs_export.go:243.29,245.3 1 0
terraform-provider-powerstore/powerstore/resource_nfs_export.go:247.2,249.9 2 0
terraform-provider-powerstore/powerstore/resource_nfs_export.go:249.9,256.3 2 0
terraform-provider-powerstore/powerstore/resource_nfs_export.go:258.2,258.19 1 0
terraform-provider-powerstore/powerstore/resource_nfs_export.go:262.116,268.33 4 0
terraform-provider-powerstore/powerstore/resource_nfs_export.go:268.33,270.3 1 0
terraform-provider-powerstore/powerstore/resource_nfs_export.go:272.2,275.16 3 0
terraform-provider-powerstore/powerstore/resource_nfs_export.go:275.16,281.3 2 0
terraform-provider-powerstore/powerstore/resource_nfs_export.go:283.2,284.17 2 0
terraform-provider-powerstore/powerstore/resource_nfs_export.go:284.17,290.3 2 0
terraform-provider-powerstore/powerstore/resource_nfs_export.go:293.2,298.32 4 0
terraform-provider-powerstore/powerstore/resource_nfs_export.go:302.110,307.33 4 0
terraform-provider-powerstore/powerstore/resource_nfs_export.go:307.33,309.3 1 0
terraform-provider-powerstore/powerstore/resource_nfs_export.go:311.2,315.16 3 0
terraform-provider-powerstore/powerstore/resource_nfs_export.go:315.16,321.3 2 0
terraform-provider-powerstore/powerstore/resource_nfs_export.go:322.2,328.30 4 0
terraform-provider-powerstore/powerstore/resource_nfs_export.go:332.116,339.33 5 0
terraform-provider-powerstore/powerstore/resource_nfs_export.go:339.33,341.3 1 0
terraform-provider-powerstore/powerstore/resource_nfs_export.go:344.2,347.33 4 0
terraform-provider-powerstore/powerstore/resource_nfs_export.go:347.33,349.3 1 0
terraform-provider-powerstore/powerstore/resource_nfs_export.go:352.2,352.114 1 0
terraform-provider-powerstore/powerstore/resource_nfs_export.go:352.114,359.3 2 0
terraform-provider-powerstore/powerstore/resource_nfs_export.go:361.2,363.16 3 0
terraform-provider-powerstore/powerstore/resource_nfs_export.go:363.16,369.3 2 0
terraform-provider-powerstore/powerstore/resource_nfs_export.go:372.2,373.17 2 0
terraform-provider-powerstore/powerstore/resource_nfs_export.go:373.17,379.3 2 0
terraform-provider-powerstore/powerstore/resource_nfs_export.go:382.2,386.45 4 0
terraform-provider-powerstore/powerstore/resource_nfs_export.go:390.116,396.33 5 0
terraform-provider-powerstore/powerstore/resource_nfs_export.go:396.33,398.3 1 0
terraform-provider-powerstore/powerstore/resource_nfs_export.go:401.2,406.16 3 0
terraform-provider-powerstore/powerstore/resource_nfs_export.go:406.16,412.3 2 0
terraform-provider-powerstore/powerstore/resource_nfs_export.go:414.2,414.32 1 0
terraform-provider-powerstore/powerstore/resource_nfs_export.go:418.131,420.2 1 0
terraform-provider-powerstore/powerstore/resource_nfs_export.go:422.109,444.2 2 0
terraform-provider-powerstore/powerstore/resource_nfs_export.go:446.113,462.2 2 0
terraform-provider-powerstore/powerstore/resource_nfs_export.go:465.112,484.2 1 0
terraform-provider-powerstore/powerstore/resource_protection_policy.go:43.54,45.2 1 0
terraform-provider-powerstore/powerstore/resource_protection_policy.go:52.129,54.2 1 0
terraform-provider-powerstore/powerstore/resource_protection_policy.go:57.123,164.2 1 0
terraform-provider-powerstore/powerstore/resource_protection_policy.go:167.132,169.29 1 0
terraform-provider-powerstore/powerstore/resource_protection_policy.go:169.29,171.3 1 0
terraform-provider-powerstore/powerstore/resource_protection_policy.go:173.2,175.9 2 0
terraform-provider-powerstore/powerstore/resource_protection_policy.go:175.9,182.3 2 0
terraform-provider-powerstore/powerstore/resource_protection_policy.go:184.2,184.19 1 0
terraform-provider-powerstore/powerstore/resource_protection_policy.go:188.123,194.33 4 0
terraform-provider-powerstore/powerstore/resource_protection_policy.go:194.33,196.3 1 0
terraform-provider-powerstore/powerstore/resource_protection_policy.go:198.2,199.16 2 0
terraform-provider-powerstore/powerstore/resource_protection_policy.go:199.16,205.3 2 0
terraform-provider-powerstore/powerstore/resource_protection_policy.go:208.2,209.16 2 0
terraform-provider-powerstore/powerstore/resource_protection_policy.go:209.16,215.3 2 0
terraform-provider-powerstore/powerstore/resource_protection_policy.go:218.2,219.16 2 0
terraform-provider-powerstore/powerstore/resource_protection_policy.go:219.16,225.3 2 0
terraform-provider-powerstore/powerstore/resource_protection_policy.go:227.2,232.33 5 0
terraform-provider-powerstore/powerstore/resource_protection_policy.go:232.33,234.3 1 0
terraform-provider-powerstore/powerstore/resource_protection_policy.go:235.2,235.32 1 0
terraform-provider-powerstore/powerstore/resource_protection_policy.go:239.123,245.33 5 0
terraform-provider-powerstore/powerstore/resource_protection_policy.go:245.33,247.3 1 0
terraform-provider-powerstore/powerstore/resource_protection_policy.go:250.2,254.16 3 0
terraform-provider-powerstore/powerstore/resource_protection_policy.go:254.16,260.3 2 0
terraform-provider-powerstore/powerstore/resource_protection_policy.go:262.2,262.32 1 0
terraform-provider-powerstore/powerstore/resource_protection_policy.go:266.117,271.33 5 0
terraform-provider-powerstore/powerstore/resource_protection_policy.go:271.33,273.3 1 0
terraform-provider-powerstore/powerstore/resource_protection_policy.go:276.2,279.16 3 0
terraform-provider-powerstore/powerstore/resource_protection_policy.go:279.16,285.3 2 0
terraform-provider-powerstore/powerstore/resource_protection_policy.go:287.2,292.33 4 0
terraform-provider-powerstore/powerstore/resource_protection_policy.go:292.33,294.3 1 0
terraform-provider-powerstore/powerstore/resource_protection_policy.go:295.2,295.30 1 0
terraform-provider-powerstore/powerstore/resource_protection_policy.go:299.123,306.33 5 0
terraform-provider-powerstore/powerstore/resource_protection_policy.go:306.33,308.3 1 0
terraform-provider-powerstore/powerstore/resource_protection_policy.go:311.2,314.33 4 0
terraform-provider-powerstore/powerstore/resource_protection_policy.go:314.33,316.3 1 0
[...]
terraform-provider-powerstore/powerstore/resource_volume_group.go:261.17,267.4 2 0
terraform-provider-powerstore/powerstore/resource_volume_group.go:271.2,271.40 1 0
terraform-provider-powerstore/powerstore/resource_volume_group.go:271.40,273.48 2 0
terraform-provider-powerstore/powerstore/resource_volume_group.go:273.48,275.4 1 0
terraform-provider-powerstore/powerstore/resource_volume_group.go:276.3,280.17 3 0
terraform-provider-powerstore/powerstore/resource_volume_group.go:280.17,286.4 2 0
terraform-provider-powerstore/powerstore/resource_volume_group.go:290.2,291.16 2 0
terraform-provider-powerstore/powerstore/resource_volume_group.go:291.16,297.3 2 0
terraform-provider-powerstore/powerstore/resource_volume_group.go:299.2,299.32 1 0
terraform-provider-powerstore/powerstore/resource_volume_group.go:303.112,308.33 5 0
terraform-provider-powerstore/powerstore/resource_volume_group.go:308.33,310.3 1 0
terraform-provider-powerstore/powerstore/resource_volume_group.go:313.2,316.16 3 0
terraform-provider-powerstore/powerstore/resource_volume_group.go:316.16,322.3 2 0
terraform-provider-powerstore/powerstore/resource_volume_group.go:324.2,329.33 4 0
terraform-provider-powerstore/powerstore/resource_volume_group.go:329.33,331.3 1 0
terraform-provider-powerstore/powerstore/resource_volume_group.go:332.2,332.30 1 0
terraform-provider-powerstore/powerstore/resource_volume_group.go:335.111,341.2 5 0
terraform-provider-powerstore/powerstore/resource_volume_group.go:344.118,351.33 5 0
terraform-provider-powerstore/powerstore/resource_volume_group.go:351.33,353.3 1 0
terraform-provider-powerstore/powerstore/resource_volume_group.go:356.2,359.33 4 0
terraform-provider-powerstore/powerstore/resource_volume_group.go:359.33,361.3 1 0
terraform-provider-powerstore/powerstore/resource_volume_group.go:363.2,364.18 2 0
terraform-provider-powerstore/powerstore/resource_volume_group.go:364.18,370.3 2 0
terraform-provider-powerstore/powerstore/resource_volume_group.go:373.2,374.51 2 0
terraform-provider-powerstore/powerstore/resource_volume_group.go:374.51,376.3 1 0
terraform-provider-powerstore/powerstore/resource_volume_group.go:379.2,380.52 2 0
terraform-provider-powerstore/powerstore/resource_volume_group.go:380.52,382.3 1 0
terraform-provider-powerstore/powerstore/resource_volume_group.go:385.2,386.29 2 0
terraform-provider-powerstore/powerstore/resource_volume_group.go:386.29,387.43 1 0
terraform-provider-powerstore/powerstore/resource_volume_group.go:387.43,389.4 1 0
terraform-provider-powerstore/powerstore/resource_volume_group.go:393.2,394.30 2 0
terraform-provider-powerstore/powerstore/resource_volume_group.go:394.30,395.44 1 0
terraform-provider-powerstore/powerstore/resource_volume_group.go:395.44,397.4 1 0
terraform-provider-powerstore/powerstore/resource_volume_group.go:401.2,402.43 2 0
terraform-provider-powerstore/powerstore/resource_volume_group.go:402.43,404.13 2 0
terraform-provider-powerstore/powerstore/resource_volume_group.go:404.13,407.4 2 0
terraform-provider-powerstore/powerstore/resource_volume_group.go:411.2,412.46 2 0
terraform-provider-powerstore/powerstore/resource_volume_group.go:412.46,414.3 1 0
terraform-provider-powerstore/powerstore/resource_volume_group.go:417.2,418.42 2 0
terraform-provider-powerstore/powerstore/resource_volume_group.go:418.42,420.13 2 0
terraform-provider-powerstore/powerstore/resource_volume_group.go:420.13,423.4 2 0
terraform-provider-powerstore/powerstore/resource_volume_group.go:427.2,428.43 2 0
terraform-provider-powerstore/powerstore/resource_volume_group.go:428.43,430.3 1 0
terraform-provider-powerstore/powerstore/resource_volume_group.go:433.2,444.16 4 0
terraform-provider-powerstore/powerstore/resource_volume_group.go:444.16,449.3 1 0
terraform-provider-powerstore/powerstore/resource_volume_group.go:451.2,451.33 1 0
terraform-provider-powerstore/powerstore/resource_volume_group.go:451.33,457.17 3 0
terraform-provider-powerstore/powerstore/resource_volume_group.go:457.17,462.4 1 0
terraform-provider-powerstore/powerstore/resource_volume_group.go:465.2,465.36 1 0
terraform-provider-powerstore/powerstore/resource_volume_group.go:465.36,471.17 3 0
terraform-provider-powerstore/powerstore/resource_volume_group.go:471.17,476.4 1 0
terraform-provider-powerstore/powerstore/resource_volume_group.go:480.2,481.16 2 0
terraform-provider-powerstore/powerstore/resource_volume_group.go:481.16,487.3 2 0
terraform-provider-powerstore/powerstore/resource_volume_group.go:489.2,493.33 4 0
terraform-provider-powerstore/powerstore/resource_volume_group.go:493.33,495.3 1 0
terraform-provider-powerstore/powerstore/resource_volume_group.go:497.2,497.45 1 0
terraform-provider-powerstore/powerstore/resource_volume_group.go:501.133,503.2 1 0
terraform-provider-powerstore/powerstore/resource_volume_group.go:506.168,517.96 6 0
terraform-provider-powerstore/powerstore/resource_volume_group.go:517.96,519.4 1 0
terraform-provider-powerstore/powerstore/resource_volume_group.go:523.2,525.93 1 0
terraform-provider-powerstore/powerstore/resource_volume_group.go:525.93,527.4 1 0
terraform-provider-powerstore/powerstore/resource_volume_group.go:531.2,531.72 1 0
terraform-provider-powerstore/powerstore/resource_volume_group.go:535.76,537.43 2 0
terraform-provider-powerstore/powerstore/resource_volume_group.go:537.43,538.58 1 0
terraform-provider-powerstore/powerstore/resource_volume_group.go:538.58,540.18 2 0
terraform-provider-powerstore/powerstore/resource_volume_group.go:540.18,542.5 1 0
terraform-provider-powerstore/powerstore/resource_volume_group.go:543.4,543.64 1 0
terraform-provider-powerstore/powerstore/resource_volume_group.go:545.3,546.39 2 0
terraform-provider-powerstore/powerstore/resource_volume_group.go:546.39,548.4 1 0
terraform-provider-powerstore/powerstore/resource_volume_group.go:549.3,549.67 1 0
terraform-provider-powerstore/powerstore/resource_volume_group.go:552.2,552.51 1 0
terraform-provider-powerstore/powerstore/resource_volume_group.go:552.51,554.17 2 0
terraform-provider-powerstore/powerstore/resource_volume_group.go:554.17,556.4 1 0
terraform-provider-powerstore/powerstore/resource_volume_group.go:557.3,557.57 1 0
terraform-provider-powerstore/powerstore/resource_volume_group.go:560.2,560.11 1 0
terraform-provider-powerstore/powerstore/resource_volume_group_snapshot.go:38.48,40.2 1 0
terraform-provider-powerstore/powerstore/resource_volume_group_snapshot.go:47.123,49.2 1 0
terraform-provider-powerstore/powerstore/resource_volume_group_snapshot.go:52.117,111.2 1 0
terraform-provider-powerstore/powerstore/resource_volume_group_snapshot.go:114.126,116.29 1 0
terraform-provider-powerstore/powerstore/resource_volume_group_snapshot.go:116.29,118.3 1 0
terraform-provider-powerstore/powerstore/resource_volume_group_snapshot.go:120.2,122.9 2 0
terraform-provider-powerstore/powerstore/resource_volume_group_snapshot.go:122.9,129.3 2 0
terraform-provider-powerstore/powerstore/resource_volume_group_snapshot.go:131.2,131.19 1 0
terraform-provider-powerstore/powerstore/resource_volume_group_snapshot.go:135.117,141.33 4 0
terraform-provider-powerstore/powerstore/resource_volume_group_snapshot.go:141.33,143.3 1 0
terraform-provider-powerstore/powerstore/resource_volume_group_snapshot.go:145.2,152.22 5 0
terraform-provider-powerstore/powerstore/resource_volume_group_snapshot.go:152.22,154.17 2 0
terraform-provider-powerstore/powerstore/resource_volume_group_snapshot.go:154.17,160.4 2 0
terraform-provider-powerstore/powerstore/resource_volume_group_snapshot.go:161.3,162.53 2 0
terraform-provider-powerstore/powerstore/resource_volume_group_snapshot.go:166.2,173.16 3 0
terraform-provider-powerstore/powerstore/resource_volume_group_snapshot.go:173.16,179.3 2 0
terraform-provider-powerstore/powerstore/resource_volume_group_snapshot.go:181.2,182.17 2 0
terraform-provider-powerstore/powerstore/resource_volume_group_snapshot.go:182.17,188.3 2 0
terraform-provider-powerstore/powerstore/resource_volume_group_snapshot.go:191.2,197.33 5 0
terraform-provider-powerstore/powerstore/resource_volume_group_snapshot.go:197.33,199.3 1 0
terraform-provider-powerstore/powerstore/resource_volume_group_snapshot.go:200.2,200.32 1 0
terraform-provider-powerstore/powerstore/resource_volume_group_snapshot.go:204.111,209.33 4 0
terraform-provider-powerstore/powerstore/resource_volume_group_snapshot.go:209.33,211.3 1 0
terraform-provider-powerstore/powerstore/resource_volume_group_snapshot.go:213.2,217.16 3 0
terraform-provider-powerstore/powerstore/resource_volume_group_snapshot.go:217.16,223.3 2 0
terraform-provider-powerstore/powerstore/resource_volume_group_snapshot.go:224.2,229.33 4 0
terraform-provider-powerstore/powerstore/resource_volume_group_snapshot.go:229.33,231.3 1 0
terraform-provider-powerstore/powerstore/resource_volume_group_snapshot.go:233.2,233.30 1 0
terraform-provider-powerstore/powerstore/resource_volume_group_snapshot.go:237.117,244.33 5 0
terraform-provider-powerstore/powerstore/resource_volume_group_snapshot.go:244.33,246.3 1 0
terraform-provider-powerstore/powerstore/resource_volume_group_snapshot.go:249.2,252.33 4 0
terraform-provider-powerstore/powerstore/resource_volume_group_snapshot.go:252.33,254.3 1 0
terraform-provider-powerstore/powerstore/resource_volume_group_snapshot.go:256.2,259.22 3 0
terraform-provider-powerstore/powerstore/resource_volume_group_snapshot.go:259.22,261.17 2 0
terraform-provider-powerstore/powerstore/resource_volume_group_snapshot.go:261.17,267.4 2 0
terraform-provider-powerstore/powerstore/resource_volume_group_snapshot.go:268.3,268.63 1 0
terraform-provider-powerstore/powerstore/resource_volume_group_snapshot.go:268.63,270.4 1 0
terraform-provider-powerstore/powerstore/resource_volume_group_snapshot.go:271.8,271.80 1 0
terraform-provider-powerstore/powerstore/resource_volume_group_snapshot.go:271.80,273.3 1 0
terraform-provider-powerstore/powerstore/resource_volume_group_snapshot.go:274.2,274.13 1 0
terraform-provider-powerstore/powerstore/resource_volume_group_snapshot.go:274.13,279.3 2 0
terraform-provider-powerstore/powerstore/resource_volume_group_snapshot.go:281.2,288.16 4 0
terraform-provider-powerstore/powerstore/resource_volume_group_snapshot.go:288.16,294.3 2 0
terraform-provider-powerstore/powerstore/resource_volume_group_snapshot.go:297.2,298.16 2 0
terraform-provider-powerstore/powerstore/resource_volume_group_snapshot.go:298.16,304.3 2 0
terraform-provider-powerstore/powerstore/resource_volume_group_snapshot.go:306.2,310.33 4 0
terraform-provider-powerstore/powerstore/resource_volume_group_snapshot.go:310.33,312.3 1 0
terraform-provider-powerstore/powerstore/resource_volume_group_snapshot.go:314.2,314.45 1 0
terraform-provider-powerstore/powerstore/resource_volume_group_snapshot.go:318.117,324.33 5 0
terraform-provider-powerstore/powerstore/resource_volume_group_snapshot.go:324.33,326.3 1 0
terraform-provider-powerstore/powerstore/resource_volume_group_snapshot.go:329.2,335.16 4 0
terraform-provider-powerstore/powerstore/resource_volume_group_snapshot.go:335.16,341.3 2 0
terraform-provider-powerstore/powerstore/resource_volume_group_snapshot.go:343.2,343.32 1 0
terraform-provider-powerstore/powerstore/resource_volume_group_snapshot.go:347.132,349.2 1 0
terraform-provider-powerstore/powerstore/resource_volume_group_snapshot.go:352.127,359.19 5 0
terraform-provider-powerstore/powerstore/resource_volume_group_snapshot.go:359.19,361.3 1 0
terraform-provider-powerstore/powerstore/resource_volume_group_snapshot.go:361.8,363.3 1 0
terraform-provider-powerstore/powerstore/resource_volume_group_snapshot.go:364.2,365.17 2 0
terraform-provider-powerstore/powerstore/resource_volume_group_snapshot.go:365.17,367.3 1 0
terraform-provider-powerstore/powerstore/resource_volume_group_snapshot.go:370.115,381.2 5 0
terraform-provider-powerstore/powerstore/volume_helper.go:39.195,56.42 15 0
terraform-provider-powerstore/powerstore/volume_helper.go:56.42,58.3 1 0
terraform-provider-powerstore/powerstore/volume_helper.go:58.8,60.3 1 0
terraform-provider-powerstore/powerstore/volume_helper.go:63.2,63.26 1 0
terraform-provider-powerstore/powerstore/volume_helper.go:63.26,67.3 3 0
terraform-provider-powerstore/powerstore/volume_helper.go:67.8,71.3 3 0
terraform-provider-powerstore/powerstore/volume_helper.go:73.2,73.66 1 0
terraform-provider-powerstore/powerstore/volume_helper.go:73.66,81.3 7 0
terraform-provider-powerstore/powerstore/volume_helper.go:81.8,81.71 1 0
terraform-provider-powerstore/powerstore/volume_helper.go:81.71,83.3 1 0
terraform-provider-powerstore/powerstore/volume_helper.go:85.2,91.55 7 0
terraform-provider-powerstore/powerstore/volume_helper.go:94.123,101.12 6 0
terraform-provider-powerstore/powerstore/volume_helper.go:101.12,105.3 3 0
terraform-provider-powerstore/powerstore/volume_helper.go:107.2,108.21 2 0
terraform-provider-powerstore/powerstore/volume_helper.go:108.21,112.3 3 0
terraform-provider-powerstore/powerstore/volume_helper.go:114.2,116.16 2 0
terraform-provider-powerstore/powerstore/volume_helper.go:116.16,119.3 2 0
terraform-provider-powerstore/powerstore/volume_helper.go:119.8,121.3 1 0
terraform-provider-powerstore/powerstore/volume_helper.go:124.2,124.142 1 0
terraform-provider-powerstore/powerstore/volume_helper.go:124.142,127.17 2 0
terraform-provider-powerstore/powerstore/volume_helper.go:127.17,130.4 2 0
terraform-provider-powerstore/powerstore/volume_helper.go:130.9,132.4 1 0
terraform-provider-powerstore/powerstore/volume_helper.go:134.3,135.17 2 0
terraform-provider-powerstore/powerstore/volume_helper.go:135.17,138.4 2 0
terraform-provider-powerstore/powerstore/volume_helper.go:138.9,140.4 1 0
terraform-provider-powerstore/powerstore/volume_helper.go:144.2,144.81 1 0
terraform-provider-powerstore/powerstore/volume_helper.go:144.81,145.49 1 0
terraform-provider-powerstore/powerstore/volume_helper.go:145.49,147.18 2 0
terraform-provider-powerstore/powerstore/volume_helper.go:147.18,150.5 2 0
terraform-provider-powerstore/powerstore/volume_helper.go:150.10,152.5 1 0
terraform-provider-powerstore/powerstore/volume_helper.go:154.3,154.48 1 0
terraform-provider-powerstore/powerstore/volume_helper.go:154.48,156.18 2 0
terraform-provider-powerstore/powerstore/volume_helper.go:156.18,159.5 2 0
terraform-provider-powerstore/powerstore/volume_helper.go:159.10,161.5 1 0
terraform-provider-powerstore/powerstore/volume_helper.go:164.2,164.65 1 0
terraform-provider-powerstore/powerstore/volume_helper.go:168.90,169.83 1 0
terraform-provider-powerstore/powerstore/volume_helper.go:169.83,171.3 1 0
terraform-provider-powerstore/powerstore/volume_helper.go:172.2,173.127 1 0
terraform-provider-powerstore/powerstore/volume_helper.go:173.127,175.3 1 0
terraform-provider-powerstore/powerstore/volume_helper.go:176.2,176.97 1 0
terraform-provider-powerstore/powerstore/volume_helper.go:176.97,178.3 1 0
terraform-provider-powerstore/powerstore/volume_helper.go:179.2,179.103 1 0
terraform-provider-powerstore/powerstore/volume_helper.go:179.103,181.3 1 0
terraform-provider-powerstore/powerstore/volume_helper.go:182.2,182.113 1 0
terraform-provider-powerstore/powerstore/volume_helper.go:182.113,184.3 1 0
terraform-provider-powerstore/powerstore/volume_helper.go:185.2,185.81 1 0
terraform-provider-powerstore/powerstore/volume_helper.go:185.81,187.3 1 0
terraform-provider-powerstore/powerstore/volume_helper.go:188.2,188.47 1 0
terraform-provider-powerstore/powerstore/volume_helper.go:188.47,190.3 1 0
terraform-provider-powerstore/powerstore/volume_helper.go:191.2,191.49 1 0
terraform-provider-powerstore/powerstore/volume_helper.go:191.49,193.3 1 0
terraform-provider-powerstore/powerstore/volume_helper.go:194.2,194.17 1 0
terraform-provider-powerstore/powerstore/volume_helper.go:198.81,199.77 1 0
terraform-provider-powerstore/powerstore/volume_helper.go:199.77,201.3 1 0
terraform-provider-powerstore/powerstore/volume_helper.go:202.2,202.91 1 0
terraform-provider-powerstore/powerstore/volume_helper.go:202.91,204.3 1 0
terraform-provider-powerstore/powerstore/volume_helper.go:205.2,205.17 1 0
terraform-provider-powerstore/powerstore/volume_helper.go:208.78,210.41 2 0
terraform-provider-powerstore/powerstore/volume_helper.go:211.12,212.46 1 0
terraform-provider-powerstore/powerstore/volume_helper.go:213.12,214.46 1 0
terraform-provider-powerstore/powerstore/volume_helper.go:215.12,216.46 1 0
terraform-provider-powerstore/powerstore/volume_helper.go:217.10,218.36 1 0
terraform-provider-powerstore/powerstore/volume_helper.go:220.2,220.30 1 0
terraform-provider-powerstore/powerstore/volume_helper.go:223.54,227.77 4 0
terraform-provider-powerstore/powerstore/volume_helper.go:227.77,229.3 1 0
terraform-provider-powerstore/powerstore/volume_helper.go:230.2,230.14 1 0
terraform-provider-powerstore/powerstore/volume_helper.go:230.14,232.3 1 0
terraform-provider-powerstore/powerstore/volume_helper.go:233.2,233.29 1 0
terraform-provider-powerstore/powerstore/volume_helper.go:237.68,238.39 1 0
terraform-provider-powerstore/powerstore/volume_helper.go:238.39,240.17 2 0
terraform-provider-powerstore/powerstore/volume_helper.go:240.17,242.4 1 0
terraform-provider-powerstore/powerstore/volume_helper.go:243.3,243.46 1 0
terraform-provider-powerstore/powerstore/volume_helper.go:245.2,245.44 1 0
terraform-provider-powerstore/powerstore/volume_helper.go:245.44,247.17 2 0
terraform-provider-powerstore/powerstore/volume_helper.go:247.17,249.4 1 0
terraform-provider-powerstore/powerstore/volume_helper.go:250.3,250.56 1 0
terraform-provider-powerstore/powerstore/volume_helper.go:252.2,252.46 1 0
terraform-provider-powerstore/powerstore/volume_helper.go:252.46,254.17 2 0
terraform-provider-powerstore/powerstore/volume_helper.go:254.17,256.4 1 0
terraform-provider-powerstore/powerstore/volume_helper.go:257.3,257.57 1 0
terraform-provider-powerstore/powerstore/volume_helper.go:259.2,259.44 1 0
terraform-provider-powerstore/powerstore/volume_helper.go:259.44,261.17 2 0
terraform-provider-powerstore/powerstore/volume_helper.go:261.17,263.4 1 0
terraform-provider-powerstore/powerstore/volume_helper.go:264.3,264.56 1 0
terraform-provider-powerstore/powerstore/volume_helper.go:266.2,266.51 1 0
terraform-provider-powerstore/powerstore/volume_helper.go:266.51,268.17 2 0
terraform-provider-powerstore/powerstore/volume_helper.go:268.17,270.4 1 0
terraform-provider-powerstore/powerstore/volume_helper.go:271.3,271.60 1 0
terraform-provider-powerstore/powerstore/volume_helper.go:273.2,273.11 1 0
terraform-provider-powerstore/powerstore/volume_helper.go:276.102,278.85 2 0
terraform-provider-powerstore/powerstore/volume_helper.go:278.85,282.42 2 0
terraform-provider-powerstore/powerstore/volume_helper.go:282.42,284.4 1 0
terraform-provider-powerstore/powerstore/volume_helper.go:284.9,286.4 1 0
terraform-provider-powerstore/powerstore/volume_helper.go:288.2,288.12 1 0
terraform-provider-powerstore/powerstore/volume_helper.go:291.102,293.83 2 0
terraform-provider-powerstore/powerstore/volume_helper.go:293.83,298.41 2 0
terraform-provider-powerstore/powerstore/volume_helper.go:298.41,300.4 1 0
terraform-provider-powerstore/powerstore/volume_helper.go:300.9,302.4 1 0
terraform-provider-powerstore/powerstore/volume_helper.go:304.2,304.12 1 0
terraform-provider-powerstore/powerstore/volume_helper.go:307.110,310.2 2 0
terraform-provider-powerstore/powerstore/volume_helper.go:312.111,315.2 2 0
terraform-provider-powerstore/powerstore/volume_helper.go:317.102,331.2 4 0
terraform-provider-powerstore/powerstore/volume_helper.go:333.100,338.16 2 0
terraform-provider-powerstore/powerstore/volume_helper.go:338.16,341.3 1 0
terraform-provider-powerstore/powerstore/volume_helper.go:343.2,344.16 2 0
terraform-provider-powerstore/powerstore/volume_helper.go:344.16,346.3 1 0
terraform-provider-powerstore/powerstore/volume_helper.go:348.2,349.16 2 0
terraform-provider-powerstore/powerstore/volume_helper.go:349.16,351.3 1 0
terraform-provider-powerstore/powerstore/volume_helper.go:352.2,353.12 2 0
